#
# There is insufficient memory for the Java Runtime Environment to continue.
# Native memory allocation (mmap) failed to map 56623104 bytes for committing reserved memory.
# Possible reasons:
#   The system is out of physical RAM or swap space
#   In 32 bit mode, the process size limit was hit
# Possible solutions:
#   Reduce memory load on the system
#   Increase physical memory or swap space
#   Check if swap backing store is full
#   Use 64 bit Java on a 64 bit OS
#   Decrease Java heap size (-Xmx/-Xms)
#   Decrease number of Java threads
#   Decrease Java thread stack sizes (-Xss)
#   Set larger code cache with -XX:ReservedCodeCacheSize=
# This output file may be truncated or incomplete.
#
#  Out of Memory Error (os_linux.cpp:2673), pid=6368, tid=140447477397248
#
# JRE version: OpenJDK Runtime Environment (8.0_45-b14) (build 1.8.0_45-internal-b14)
# Java VM: OpenJDK 64-Bit Server VM (25.45-b02 mixed mode linux-amd64 compressed oops)
# Failed to write core dump. Core dumps have been disabled. To enable core dumping, try "ulimit -c unlimited" before starting Java again
#

---------------  T H R E A D  ---------------

Current thread (0x00007fbc90078800):  VMThread [stack: 0x00007fbc79eff000,0x00007fbc7a000000] [id=6378]

Stack: [0x00007fbc79eff000,0x00007fbc7a000000],  sp=0x00007fbc79ffe4d0,  free space=1021k
Native frames: (J=compiled Java code, j=interpreted, Vv=VM code, C=native code)
V  [libjvm.so+0xa902bd]  VMError::report_and_die()+0x15d
V  [libjvm.so+0x4e783c]  report_vm_out_of_memory(char const*, int, unsigned long, VMErrorType, char const*)+0xac
V  [libjvm.so+0x8e03b0]  os::pd_commit_memory(char*, unsigned long, unsigned long, bool)+0xf0
V  [libjvm.so+0x8daaee]  os::commit_memory(char*, unsigned long, unsigned long, bool)+0x2e
V  [libjvm.so+0x955a9b]  PSVirtualSpace::expand_by(unsigned long)+0x5b
V  [libjvm.so+0x956e03]  PSYoungGen::resize(unsigned long, unsigned long)+0x103
V  [libjvm.so+0x953a8e]  PSScavenge::invoke_no_policy()+0x14be
V  [libjvm.so+0x953d7c]  PSScavenge::invoke()+0x4c
V  [libjvm.so+0x906073]  ParallelScavengeHeap::failed_mem_allocate(unsigned long)+0x63
V  [libjvm.so+0xa91d92]  VM_ParallelGCFailedAllocation::doit()+0x92
V  [libjvm.so+0xa968f7]  VM_Operation::evaluate()+0x47
V  [libjvm.so+0xa94c17]  VMThread::evaluate_operation(VM_Operation*)+0xe7
V  [libjvm.so+0xa95447]  VMThread::loop()+0x227
V  [libjvm.so+0xa95991]  VMThread::run()+0x81
V  [libjvm.so+0x8dd8a2]  java_start(Thread*)+0xf2

VM_Operation (0x00007fbc98d74c10): ParallelGCFailedAllocation, mode: safepoint, requested by thread 0x00007fbc9000a800


---------------  P R O C E S S  ---------------

Java Threads: ( => current thread )
  0x00007fbc900c7000 JavaThread "Service Thread" daemon [_thread_blocked, id=6385, stack(0x00007fbc78cba000,0x00007fbc78dbb000)]
  0x00007fbc900b0800 JavaThread "C1 CompilerThread2" daemon [_thread_blocked, id=6384, stack(0x00007fbc78dbb000,0x00007fbc78ebc000)]
  0x00007fbc900af000 JavaThread "C2 CompilerThread1" daemon [_thread_blocked, id=6383, stack(0x00007fbc78ebc000,0x00007fbc78fbd000)]
  0x00007fbc900ac000 JavaThread "C2 CompilerThread0" daemon [_thread_blocked, id=6382, stack(0x00007fbc78fbd000,0x00007fbc790be000)]
  0x00007fbc900aa000 JavaThread "Signal Dispatcher" daemon [_thread_blocked, id=6381, stack(0x00007fbc790be000,0x00007fbc791bf000)]
  0x00007fbc9007f800 JavaThread "Finalizer" daemon [_thread_blocked, id=6380, stack(0x00007fbc79cfd000,0x00007fbc79dfe000)]
  0x00007fbc9007d800 JavaThread "Reference Handler" daemon [_thread_blocked, id=6379, stack(0x00007fbc79dfe000,0x00007fbc79eff000)]
  0x00007fbc9000a800 JavaThread "main" [_thread_blocked, id=6373, stack(0x00007fbc98c76000,0x00007fbc98d77000)]

Other Threads:
=>0x00007fbc90078800 VMThread [stack: 0x00007fbc79eff000,0x00007fbc7a000000] [id=6378]
  0x00007fbc900c9000 WatcherThread [stack: 0x00007fbc78bb9000,0x00007fbc78cba000] [id=6386]

VM state:at safepoint (normal execution)

VM Mutex/Monitor currently owned by a thread:  ([mutex/lock_event])
[0x00007fbc90006e30] Threads_lock - owner thread: 0x00007fbc90078800
[0x00007fbc90007330] Heap_lock - owner thread: 0x00007fbc9000a800

Heap:
 PSYoungGen      total 34304K, used 2550K [0x00000000eab00000, 0x00000000ecf00000, 0x0000000100000000)
  eden space 31744K, 0% used [0x00000000eab00000,0x00000000eab00000,0x00000000eca00000)
  from space 2560K, 99% used [0x00000000eca00000,0x00000000ecc7d8f0,0x00000000ecc80000)
  to   space 2560K, 0% used [0x00000000ecc80000,0x00000000ecc80000,0x00000000ecf00000)
 ParOldGen       total 42496K, used 25230K [0x00000000c0000000, 0x00000000c2980000, 0x00000000eab00000)
  object space 42496K, 59% used [0x00000000c0000000,0x00000000c18a3920,0x00000000c2980000)
 Metaspace       used 7138K, capacity 7800K, committed 7936K, reserved 1056768K
  class space    used 678K, capacity 688K, committed 768K, reserved 1048576K

Card table byte_map: [0x00007fbc9515d000,0x00007fbc9535e000] byte_map_base: 0x00007fbc94b5d000

Marking Bits: (ParMarkBitMap*) 0x00007fbc97f47e80
 Begin Bits: [0x00007fbc7a000000, 0x00007fbc7b000000)
 End Bits:   [0x00007fbc7b000000, 0x00007fbc7c000000)

Polling page: 0x00007fbc98d99000

CodeCache: size=245760Kb used=7039Kb max_used=7039Kb free=238720Kb
 bounds [0x00007fbc81000000, 0x00007fbc816f0000, 0x00007fbc90000000]
 total_blobs=2451 nmethods=2158 adapters=207
 compilation: enabled

Compilation events (10 events):
Event: 41.227 Thread 0x00007fbc900b0800 2195       2       com.android.dx.io.instructions.FillArrayDataPayloadDecodedInstruction::<init> (11 bytes)
Event: 41.227 Thread 0x00007fbc900b0800 nmethod 2195 0x00007fbc81667a10 code [0x00007fbc81667b80, 0x00007fbc81667d88]
Event: 41.253 Thread 0x00007fbc900b0800 2199 %     3       com.android.dx.merge.DexMerger::transformMethods @ 14 (126 bytes)
Event: 41.254 Thread 0x00007fbc900b0800 nmethod 2199% 0x00007fbc816e1250 code [0x00007fbc816e14c0, 0x00007fbc816e2508]
Event: 41.254 Thread 0x00007fbc900b0800 2200 %     3       com.android.dex.Dex$Section::readMethods @ 10 (59 bytes)
Event: 41.576 Thread 0x00007fbc900b0800 nmethod 2200% 0x00007fbc816e2f90 code [0x00007fbc816e3160, 0x00007fbc816e3a88]
Event: 41.576 Thread 0x00007fbc900b0800 2202       3       com.android.dx.merge.DexMerger::transformMethods (126 bytes)
Event: 41.576 Thread 0x00007fbc900b0800 nmethod 2202 0x00007fbc816e3ed0 code [0x00007fbc816e4120, 0x00007fbc816e5048]
Event: 41.576 Thread 0x00007fbc900b0800 2201 %     3       com.android.dex.Dex$Section::alignToFourBytesWithZeroFill @ 0 (25 bytes)
Event: 41.577 Thread 0x00007fbc900b0800 nmethod 2201% 0x00007fbc816da410 code [0x00007fbc816da5a0, 0x00007fbc816da928]

GC Heap History (9 events):
Event: 2.378 GC heap before
{Heap before GC invocations=1 (full 0):
 PSYoungGen      total 18432K, used 15872K [0x00000000eab00000, 0x00000000ebf80000, 0x0000000100000000)
  eden space 15872K, 100% used [0x00000000eab00000,0x00000000eba80000,0x00000000eba80000)
  from space 2560K, 0% used [0x00000000ebd00000,0x00000000ebd00000,0x00000000ebf80000)
  to   space 2560K, 0% used [0x00000000eba80000,0x00000000eba80000,0x00000000ebd00000)
 ParOldGen       total 42496K, used 0K [0x00000000c0000000, 0x00000000c2980000, 0x00000000eab00000)
  object space 42496K, 0% used [0x00000000c0000000,0x00000000c0000000,0x00000000c2980000)
 Metaspace       used 5251K, capacity 6640K, committed 6784K, reserved 1056768K
  class space    used 524K, capacity 616K, committed 640K, reserved 1048576K
Event: 2.396 GC heap after
Heap after GC invocations=1 (full 0):
 PSYoungGen      total 18432K, used 2554K [0x00000000eab00000, 0x00000000ebf80000, 0x0000000100000000)
  eden space 15872K, 0% used [0x00000000eab00000,0x00000000eab00000,0x00000000eba80000)
  from space 2560K, 99% used [0x00000000eba80000,0x00000000ebcfe990,0x00000000ebd00000)
  to   space 2560K, 0% used [0x00000000ebd00000,0x00000000ebd00000,0x00000000ebf80000)
 ParOldGen       total 42496K, used 1191K [0x00000000c0000000, 0x00000000c2980000, 0x00000000eab00000)
  object space 42496K, 2% used [0x00000000c0000000,0x00000000c0129ea0,0x00000000c2980000)
 Metaspace       used 5251K, capacity 6640K, committed 6784K, reserved 1056768K
  class space    used 524K, capacity 616K, committed 640K, reserved 1048576K
}
Event: 2.720 GC heap before
{Heap before GC invocations=2 (full 0):
 PSYoungGen      total 18432K, used 18258K [0x00000000eab00000, 0x00000000ebf80000, 0x0000000100000000)
  eden space 15872K, 98% used [0x00000000eab00000,0x00000000eba55f70,0x00000000eba80000)
  from space 2560K, 99% used [0x00000000eba80000,0x00000000ebcfe990,0x00000000ebd00000)
  to   space 2560K, 0% used [0x00000000ebd00000,0x00000000ebd00000,0x00000000ebf80000)
 ParOldGen       total 42496K, used 1191K [0x00000000c0000000, 0x00000000c2980000, 0x00000000eab00000)
  object space 42496K, 2% used [0x00000000c0000000,0x00000000c0129ea0,0x00000000c2980000)
 Metaspace       used 5475K, capacity 6832K, committed 7040K, reserved 1056768K
  class space    used 524K, capacity 616K, committed 640K, reserved 1048576K
Event: 2.750 GC heap after
Heap after GC invocations=2 (full 0):
 PSYoungGen      total 18432K, used 2558K [0x00000000eab00000, 0x00000000ecf00000, 0x0000000100000000)
  eden space 15872K, 0% used [0x00000000eab00000,0x00000000eab00000,0x00000000eba80000)
  from space 2560K, 99% used [0x00000000ebd00000,0x00000000ebf7f870,0x00000000ebf80000)
  to   space 2560K, 0% used [0x00000000eba80000,0x00000000eba80000,0x00000000ebd00000)
 ParOldGen       total 42496K, used 4435K [0x00000000c0000000, 0x00000000c2980000, 0x00000000eab00000)
  object space 42496K, 10% used [0x00000000c0000000,0x00000000c0454c68,0x00000000c2980000)
 Metaspace       used 5475K, capacity 6832K, committed 7040K, reserved 1056768K
  class space    used 524K, capacity 616K, committed 640K, reserved 1048576K
}
Event: 37.746 GC heap before
{Heap before GC invocations=3 (full 0):
 PSYoungGen      total 18432K, used 18430K [0x00000000eab00000, 0x00000000ecf00000, 0x0000000100000000)
  eden space 15872K, 100% used [0x00000000eab00000,0x00000000eba80000,0x00000000eba80000)
  from space 2560K, 99% used [0x00000000ebd00000,0x00000000ebf7f870,0x00000000ebf80000)
  to   space 2560K, 0% used [0x00000000eba80000,0x00000000eba80000,0x00000000ebd00000)
 ParOldGen       total 42496K, used 4435K [0x00000000c0000000, 0x00000000c2980000, 0x00000000eab00000)
  object space 42496K, 10% used [0x00000000c0000000,0x00000000c0454c68,0x00000000c2980000)
 Metaspace       used 7031K, capacity 7736K, committed 7936K, reserved 1056768K
  class space    used 678K, capacity 688K, committed 768K, reserved 1048576K
Event: 37.882 GC heap after
Heap after GC invocations=3 (full 0):
 PSYoungGen      total 18432K, used 2548K [0x00000000eab00000, 0x00000000ecf00000, 0x0000000100000000)
  eden space 15872K, 0% used [0x00000000eab00000,0x00000000eab00000,0x00000000eba80000)
  from space 2560K, 99% used [0x00000000eba80000,0x00000000ebcfd3a8,0x00000000ebd00000)
  to   space 2560K, 0% used [0x00000000ecc80000,0x00000000ecc80000,0x00000000ecf00000)
 ParOldGen       total 42496K, used 8794K [0x00000000c0000000, 0x00000000c2980000, 0x00000000eab00000)
  object space 42496K, 20% used [0x00000000c0000000,0x00000000c0896890,0x00000000c2980000)
 Metaspace       used 7031K, capacity 7736K, committed 7936K, reserved 1056768K
  class space    used 678K, capacity 688K, committed 768K, reserved 1048576K
}
Event: 38.014 GC heap before
{Heap before GC invocations=4 (full 0):
 PSYoungGen      total 18432K, used 18420K [0x00000000eab00000, 0x00000000ecf00000, 0x0000000100000000)
  eden space 15872K, 100% used [0x00000000eab00000,0x00000000eba80000,0x00000000eba80000)
  from space 2560K, 99% used [0x00000000eba80000,0x00000000ebcfd3a8,0x00000000ebd00000)
  to   space 2560K, 0% used [0x00000000ecc80000,0x00000000ecc80000,0x00000000ecf00000)
 ParOldGen       total 42496K, used 8794K [0x00000000c0000000, 0x00000000c2980000, 0x00000000eab00000)
  object space 42496K, 20% used [0x00000000c0000000,0x00000000c0896890,0x00000000c2980000)
 Metaspace       used 7107K, capacity 7800K, committed 7936K, reserved 1056768K
  class space    used 678K, capacity 688K, committed 768K, reserved 1048576K
Event: 38.022 GC heap after
Heap after GC invocations=4 (full 0):
 PSYoungGen      total 34304K, used 2532K [0x00000000eab00000, 0x00000000ecf00000, 0x0000000100000000)
  eden space 31744K, 0% used [0x00000000eab00000,0x00000000eab00000,0x00000000eca00000)
  from space 2560K, 98% used [0x00000000ecc80000,0x00000000ecef9238,0x00000000ecf00000)
  to   space 2560K, 0% used [0x00000000eca00000,0x00000000eca00000,0x00000000ecc80000)
 ParOldGen       total 42496K, used 11598K [0x00000000c0000000, 0x00000000c2980000, 0x00000000eab00000)
  object space 42496K, 27% used [0x00000000c0000000,0x00000000c0b53bd8,0x00000000c2980000)
 Metaspace       used 7107K, capacity 7800K, committed 7936K, reserved 1056768K
  class space    used 678K, capacity 688K, committed 768K, reserved 1048576K
}
Event: 43.340 GC heap before
{Heap before GC invocations=5 (full 0):
 PSYoungGen      total 34304K, used 34276K [0x00000000eab00000, 0x00000000ecf00000, 0x0000000100000000)
  eden space 31744K, 100% used [0x00000000eab00000,0x00000000eca00000,0x00000000eca00000)
  from space 2560K, 98% used [0x00000000ecc80000,0x00000000ecef9238,0x00000000ecf00000)
  to   space 2560K, 0% used [0x00000000eca00000,0x00000000eca00000,0x00000000ecc80000)
 ParOldGen       total 42496K, used 11598K [0x00000000c0000000, 0x00000000c2980000, 0x00000000eab00000)
  object space 42496K, 27% used [0x00000000c0000000,0x00000000c0b53bd8,0x00000000c2980000)
 Metaspace       used 7138K, capacity 7800K, committed 7936K, reserved 1056768K
  class space    used 678K, capacity 688K, committed 768K, reserved 1048576K

Deoptimization events (10 events):
Event: 3.959 Thread 0x00007fbc9000a800 Uncommon trap: reason=unstable_if action=reinterpret pc=0x00007fbc8159ac44 method=com.android.dx.util.ByteArrayAnnotatedOutput.writeUleb128(I)I @ 4
Event: 3.959 Thread 0x00007fbc9000a800 Uncommon trap: reason=unstable_if action=reinterpret pc=0x00007fbc8159d014 method=com.android.dx.util.ByteArrayAnnotatedOutput.writeByte(I)V @ 13
Event: 13.212 Thread 0x00007fbc9000a800 Uncommon trap: reason=unstable_if action=reinterpret pc=0x00007fbc8138a74c method=java.util.Arrays.copyOf([Ljava/lang/Object;ILjava/lang/Class;)[Ljava/lang/Object; @ 3
Event: 14.574 Thread 0x00007fbc9000a800 Uncommon trap: reason=class_check action=maybe_recompile pc=0x00007fbc81510b4c method=java.util.HashMap.putVal(ILjava/lang/Object;Ljava/lang/Object;ZZ)Ljava/lang/Object; @ 56
Event: 14.574 Thread 0x00007fbc9000a800 Uncommon trap: reason=class_check action=maybe_recompile pc=0x00007fbc81510b4c method=java.util.HashMap.putVal(ILjava/lang/Object;Ljava/lang/Object;ZZ)Ljava/lang/Object; @ 56
Event: 33.029 Thread 0x00007fbc9000a800 Uncommon trap: reason=unstable_if action=reinterpret pc=0x00007fbc815d1718 method=java.util.HashMap.putVal(ILjava/lang/Object;Ljava/lang/Object;ZZ)Ljava/lang/Object; @ 162
Event: 33.030 Thread 0x00007fbc9000a800 Uncommon trap: reason=unstable_if action=reinterpret pc=0x00007fbc81511908 method=java.util.HashMap.resize()[Ljava/util/HashMap$Node; @ 206
Event: 37.323 Thread 0x00007fbc9000a800 Uncommon trap: reason=predicate action=maybe_recompile pc=0x00007fbc8163e898 method=com.android.dex.Leb128.readUnsignedLeb128(Lcom/android/dex/util/ByteInput;)I @ 41
Event: 37.659 Thread 0x00007fbc9000a800 Uncommon trap: reason=unstable_if action=reinterpret pc=0x00007fbc814efaf4 method=java.util.HashMap.getNode(ILjava/lang/Object;)Ljava/util/HashMap$Node; @ 84
Event: 41.173 Thread 0x00007fbc9000a800 Uncommon trap: reason=unstable_if action=reinterpret pc=0x00007fbc816627d8 method=com.android.dex.Mutf8.decode(Lcom/android/dex/util/ByteInput;[C)Ljava/lang/String; @ 37

Internal exceptions (6 events):
Event: 1.363 Thread 0x00007fbc9000a800 Exception <a 'java/lang/NoSuchMethodError': Method sun.misc.Unsafe.defineClass(Ljava/lang/String;[BII)Ljava/lang/Class; name or signature does not match> (0x00000000eab12a50) thrown at [/build/buildd/openjdk-8-8u45-b14/src/hotspot/src/share/vm/prims/jni.c
Event: 1.363 Thread 0x00007fbc9000a800 Exception <a 'java/lang/NoSuchMethodError': Method sun.misc.Unsafe.prefetchRead(Ljava/lang/Object;J)V name or signature does not match> (0x00000000eab12ce0) thrown at [/build/buildd/openjdk-8-8u45-b14/src/hotspot/src/share/vm/prims/jni.cpp, line 3994]
Event: 1.618 Thread 0x00007fbc9000a800 Exception <a 'java/util/zip/ZipException'> (0x00000000eabcecb8) thrown at [/build/buildd/openjdk-8-8u45-b14/src/hotspot/src/share/vm/prims/jni.cpp, line 709]
Event: 1.618 Thread 0x00007fbc9000a800 Exception <a 'java/security/PrivilegedActionException'> (0x00000000eabcef00) thrown at [/build/buildd/openjdk-8-8u45-b14/src/hotspot/src/share/vm/prims/jvm.cpp, line 1382]
Event: 1.618 Thread 0x00007fbc9000a800 Exception <a 'java/security/PrivilegedActionException'> (0x00000000eabcf0b8) thrown at [/build/buildd/openjdk-8-8u45-b14/src/hotspot/src/share/vm/prims/jvm.cpp, line 1382]
Event: 2.595 Thread 0x00007fbc9000a800 Implicit null exception at 0x00007fbc813517af to 0x00007fbc81353cd1

Events (10 events):
Event: 41.193 Thread 0x00007fbc9000a800 DEOPT UNPACKING pc=0x00007fbc81047373 sp=0x00007fbc98d75138 mode 0
Event: 41.195 Thread 0x00007fbc9000a800 DEOPT PACKING pc=0x00007fbc815d3e57 sp=0x00007fbc98d753d0
Event: 41.195 Thread 0x00007fbc9000a800 DEOPT UNPACKING pc=0x00007fbc81047373 sp=0x00007fbc98d75138 mode 0
Event: 41.197 Thread 0x00007fbc9000a800 DEOPT PACKING pc=0x00007fbc815d3e57 sp=0x00007fbc98d753d0
Event: 41.197 Thread 0x00007fbc9000a800 DEOPT UNPACKING pc=0x00007fbc81047373 sp=0x00007fbc98d75138 mode 0
Event: 41.199 Thread 0x00007fbc9000a800 DEOPT PACKING pc=0x00007fbc815d3e57 sp=0x00007fbc98d753d0
Event: 41.199 Thread 0x00007fbc9000a800 DEOPT UNPACKING pc=0x00007fbc81047373 sp=0x00007fbc98d75138 mode 0
Event: 41.201 Thread 0x00007fbc9000a800 DEOPT PACKING pc=0x00007fbc815d3e57 sp=0x00007fbc98d753d0
Event: 41.201 Thread 0x00007fbc9000a800 DEOPT UNPACKING pc=0x00007fbc81047373 sp=0x00007fbc98d75138 mode 0
Event: 42.312 Executing VM operation: ParallelGCFailedAllocation


Dynamic libraries:
00400000-00401000 r-xp 00000000 08:07 4854430                            /usr/lib/jvm/java-8-openjdk-amd64/jre/bin/java
00600000-00601000 r--p 00000000 08:07 4854430                            /usr/lib/jvm/java-8-openjdk-amd64/jre/bin/java
00601000-00602000 rw-p 00001000 08:07 4854430                            /usr/lib/jvm/java-8-openjdk-amd64/jre/bin/java
009cf000-009f0000 rw-p 00000000 00:00 0                                  [heap]
c0000000-c2980000 rw-p 00000000 00:00 0 
c2980000-eab00000 ---p 00000000 00:00 0 
eab00000-ecf00000 rw-p 00000000 00:00 0 
f0500000-100000000 ---p 00000000 00:00 0 
100000000-1000c0000 rw-p 00000000 00:00 0 
1000c0000-140000000 ---p 00000000 00:00 0 
7fbc44000000-7fbc44021000 rw-p 00000000 00:00 0 
7fbc44021000-7fbc48000000 ---p 00000000 00:00 0 
7fbc48000000-7fbc48021000 rw-p 00000000 00:00 0 
7fbc48021000-7fbc4c000000 ---p 00000000 00:00 0 
7fbc4c000000-7fbc4c523000 rw-p 00000000 00:00 0 
7fbc4c523000-7fbc50000000 ---p 00000000 00:00 0 
7fbc50000000-7fbc50625000 rw-p 00000000 00:00 0 
7fbc50625000-7fbc54000000 ---p 00000000 00:00 0 
7fbc54000000-7fbc54021000 rw-p 00000000 00:00 0 
7fbc54021000-7fbc58000000 ---p 00000000 00:00 0 
7fbc58000000-7fbc58eb3000 rw-p 00000000 00:00 0 
7fbc58eb3000-7fbc5c000000 ---p 00000000 00:00 0 
7fbc5c000000-7fbc5c021000 rw-p 00000000 00:00 0 
7fbc5c021000-7fbc60000000 ---p 00000000 00:00 0 
7fbc60000000-7fbc60021000 rw-p 00000000 00:00 0 
7fbc60021000-7fbc64000000 ---p 00000000 00:00 0 
7fbc64000000-7fbc64021000 rw-p 00000000 00:00 0 
7fbc64021000-7fbc68000000 ---p 00000000 00:00 0 
7fbc68000000-7fbc6827d000 rw-p 00000000 00:00 0 
7fbc6827d000-7fbc6c000000 ---p 00000000 00:00 0 
7fbc6c000000-7fbc6c021000 rw-p 00000000 00:00 0 
7fbc6c021000-7fbc70000000 ---p 00000000 00:00 0 
7fbc74000000-7fbc74021000 rw-p 00000000 00:00 0 
7fbc74021000-7fbc78000000 ---p 00000000 00:00 0 
7fbc78b64000-7fbc78b69000 r--s 00094000 08:07 4604047                    /usr/lib/jvm/java-8-openjdk-amd64/jre/lib/jsse.jar
7fbc78b69000-7fbc78b78000 r--s 000dd000 08:07 7472679                    /home/pvthuyen/Android/Sdk/build-tools/21.1.2/lib/dx.jar
7fbc78b78000-7fbc78b92000 r--s 001d3000 08:07 4604052                    /usr/lib/jvm/java-8-openjdk-amd64/jre/lib/ext/nashorn.jar
7fbc78b92000-7fbc78bae000 r--s 00393000 08:07 4604051                    /usr/lib/jvm/java-8-openjdk-amd64/jre/lib/ext/cldrdata.jar
7fbc78bae000-7fbc78bb9000 r--s 00116000 08:07 4604054                    /usr/lib/jvm/java-8-openjdk-amd64/jre/lib/ext/localedata.jar
7fbc78bb9000-7fbc78bba000 ---p 00000000 00:00 0 
7fbc78bba000-7fbc78cba000 rw-p 00000000 00:00 0                          [stack:6386]
7fbc78cba000-7fbc78cbd000 ---p 00000000 00:00 0 
7fbc78cbd000-7fbc78dbb000 rw-p 00000000 00:00 0                          [stack:6385]
7fbc78dbb000-7fbc78dbe000 ---p 00000000 00:00 0 
7fbc78dbe000-7fbc78ebc000 rw-p 00000000 00:00 0                          [stack:6384]
7fbc78ebc000-7fbc78ebf000 ---p 00000000 00:00 0 
7fbc78ebf000-7fbc78fbd000 rw-p 00000000 00:00 0                          [stack:6383]
7fbc78fbd000-7fbc78fc0000 ---p 00000000 00:00 0 
7fbc78fc0000-7fbc790be000 rw-p 00000000 00:00 0                          [stack:6382]
7fbc790be000-7fbc790c1000 ---p 00000000 00:00 0 
7fbc790c1000-7fbc791bf000 rw-p 00000000 00:00 0                          [stack:6381]
7fbc791bf000-7fbc79cfd000 r--p 00000000 08:07 3282551                    /usr/lib/locale/locale-archive
7fbc79cfd000-7fbc79d00000 ---p 00000000 00:00 0 
7fbc79d00000-7fbc79dfe000 rw-p 00000000 00:00 0                          [stack:6380]
7fbc79dfe000-7fbc79e01000 ---p 00000000 00:00 0 
7fbc79e01000-7fbc79eff000 rw-p 00000000 00:00 0                          [stack:6379]
7fbc79eff000-7fbc79f00000 ---p 00000000 00:00 0 
7fbc79f00000-7fbc7c000000 rw-p 00000000 00:00 0                          [stack:6378]
7fbc7c000000-7fbc7c021000 rw-p 00000000 00:00 0 
7fbc7c021000-7fbc80000000 ---p 00000000 00:00 0 
7fbc80001000-7fbc80004000 r--s 00037000 08:07 4604059                    /usr/lib/jvm/java-8-openjdk-amd64/jre/lib/ext/sunpkcs11.jar
7fbc80004000-7fbc80e33000 rw-p 00000000 00:00 0 
7fbc80e33000-7fbc81000000 r--s 03bd3000 08:07 4604067                    /usr/lib/jvm/java-8-openjdk-amd64/jre/lib/rt.jar
7fbc81000000-7fbc816f0000 rwxp 00000000 00:00 0 
7fbc816f0000-7fbc90000000 ---p 00000000 00:00 0 
7fbc90000000-7fbc903d5000 rw-p 00000000 00:00 0 
7fbc903d5000-7fbc94000000 ---p 00000000 00:00 0 
7fbc94001000-7fbc94002000 rw-p 00000000 00:00 0 
7fbc94002000-7fbc94004000 r--s 00001000 08:07 4604057                    /usr/lib/jvm/java-8-openjdk-amd64/jre/lib/ext/dnsns.jar
7fbc94004000-7fbc94005000 r--s 00010000 08:07 4604055                    /usr/lib/jvm/java-8-openjdk-amd64/jre/lib/ext/zipfs.jar
7fbc94005000-7fbc94008000 r--s 0000f000 08:07 4604058                    /usr/lib/jvm/java-8-openjdk-amd64/jre/lib/ext/icedtea-sound.jar
7fbc94008000-7fbc94903000 rw-p 00000000 00:00 0 
7fbc94903000-7fbc94a03000 ---p 00000000 00:00 0 
7fbc94a03000-7fbc94c03000 rw-p 00000000 00:00 0 
7fbc94c03000-7fbc94c04000 ---p 00000000 00:00 0 
7fbc94c04000-7fbc94d04000 rw-p 00000000 00:00 0                          [stack:6377]
7fbc94d04000-7fbc94d05000 ---p 00000000 00:00 0 
7fbc94d05000-7fbc94e05000 rw-p 00000000 00:00 0                          [stack:6376]
7fbc94e05000-7fbc94e06000 ---p 00000000 00:00 0 
7fbc94e06000-7fbc94f06000 rw-p 00000000 00:00 0                          [stack:6375]
7fbc94f06000-7fbc94f07000 ---p 00000000 00:00 0 
7fbc94f07000-7fbc9501c000 rw-p 00000000 00:00 0                          [stack:6374]
7fbc9501c000-7fbc9515d000 ---p 00000000 00:00 0 
7fbc9515d000-7fbc95172000 rw-p 00000000 00:00 0 
7fbc95172000-7fbc952b2000 ---p 00000000 00:00 0 
7fbc952b2000-7fbc952c5000 rw-p 00000000 00:00 0 
7fbc952c5000-7fbc9535d000 ---p 00000000 00:00 0 
7fbc9535d000-7fbc9537a000 rw-p 00000000 00:00 0 
7fbc9537a000-7fbc9571e000 ---p 00000000 00:00 0 
7fbc9571e000-7fbc95726000 r-xp 00000000 08:07 4603688                    /usr/lib/jvm/java-8-openjdk-amd64/jre/lib/amd64/libzip.so
7fbc95726000-7fbc95925000 ---p 00008000 08:07 4603688                    /usr/lib/jvm/java-8-openjdk-amd64/jre/lib/amd64/libzip.so
7fbc95925000-7fbc95926000 r--p 00007000 08:07 4603688                    /usr/lib/jvm/java-8-openjdk-amd64/jre/lib/amd64/libzip.so
7fbc95926000-7fbc95927000 rw-p 00008000 08:07 4603688                    /usr/lib/jvm/java-8-openjdk-amd64/jre/lib/amd64/libzip.so
7fbc95927000-7fbc95933000 r-xp 00000000 08:07 6033669                    /lib/x86_64-linux-gnu/libnss_files-2.21.so
7fbc95933000-7fbc95b32000 ---p 0000c000 08:07 6033669                    /lib/x86_64-linux-gnu/libnss_files-2.21.so
7fbc95b32000-7fbc95b33000 r--p 0000b000 08:07 6033669                    /lib/x86_64-linux-gnu/libnss_files-2.21.so
7fbc95b33000-7fbc95b34000 rw-p 0000c000 08:07 6033669                    /lib/x86_64-linux-gnu/libnss_files-2.21.so
7fbc95b34000-7fbc95b3f000 r-xp 00000000 08:07 6033679                    /lib/x86_64-linux-gnu/libnss_nis-2.21.so
7fbc95b3f000-7fbc95d3e000 ---p 0000b000 08:07 6033679                    /lib/x86_64-linux-gnu/libnss_nis-2.21.so
7fbc95d3e000-7fbc95d3f000 r--p 0000a000 08:07 6033679                    /lib/x86_64-linux-gnu/libnss_nis-2.21.so
7fbc95d3f000-7fbc95d40000 rw-p 0000b000 08:07 6033679                    /lib/x86_64-linux-gnu/libnss_nis-2.21.so
7fbc95d40000-7fbc95d57000 r-xp 00000000 08:07 6033663                    /lib/x86_64-linux-gnu/libnsl-2.21.so
7fbc95d57000-7fbc95f56000 ---p 00017000 08:07 6033663                    /lib/x86_64-linux-gnu/libnsl-2.21.so
7fbc95f56000-7fbc95f57000 r--p 00016000 08:07 6033663                    /lib/x86_64-linux-gnu/libnsl-2.21.so
7fbc95f57000-7fbc95f58000 rw-p 00017000 08:07 6033663                    /lib/x86_64-linux-gnu/libnsl-2.21.so
7fbc95f58000-7fbc95f5a000 rw-p 00000000 00:00 0 
7fbc95f5a000-7fbc95f62000 r-xp 00000000 08:07 6033665                    /lib/x86_64-linux-gnu/libnss_compat-2.21.so
7fbc95f62000-7fbc96161000 ---p 00008000 08:07 6033665                    /lib/x86_64-linux-gnu/libnss_compat-2.21.so
7fbc96161000-7fbc96162000 r--p 00007000 08:07 6033665                    /lib/x86_64-linux-gnu/libnss_compat-2.21.so
7fbc96162000-7fbc96163000 rw-p 00008000 08:07 6033665                    /lib/x86_64-linux-gnu/libnss_compat-2.21.so
7fbc96163000-7fbc96191000 r-xp 00000000 08:07 4603685                    /usr/lib/jvm/java-8-openjdk-amd64/jre/lib/amd64/libjava.so
7fbc96191000-7fbc96390000 ---p 0002e000 08:07 4603685                    /usr/lib/jvm/java-8-openjdk-amd64/jre/lib/amd64/libjava.so
7fbc96390000-7fbc96391000 r--p 0002d000 08:07 4603685                    /usr/lib/jvm/java-8-openjdk-amd64/jre/lib/amd64/libjava.so
7fbc96391000-7fbc96393000 rw-p 0002e000 08:07 4603685                    /usr/lib/jvm/java-8-openjdk-amd64/jre/lib/amd64/libjava.so
7fbc96393000-7fbc963a2000 r-xp 00000000 08:07 4604025                    /usr/lib/jvm/java-8-openjdk-amd64/jre/lib/amd64/libverify.so
7fbc963a2000-7fbc965a2000 ---p 0000f000 08:07 4604025                    /usr/lib/jvm/java-8-openjdk-amd64/jre/lib/amd64/libverify.so
7fbc965a2000-7fbc965a5000 r--p 0000f000 08:07 4604025                    /usr/lib/jvm/java-8-openjdk-amd64/jre/lib/amd64/libverify.so
7fbc965a5000-7fbc965a6000 rw-p 00012000 08:07 4604025                    /usr/lib/jvm/java-8-openjdk-amd64/jre/lib/amd64/libverify.so
7fbc965a6000-7fbc965ad000 r-xp 00000000 08:07 6033724                    /lib/x86_64-linux-gnu/librt-2.21.so
7fbc965ad000-7fbc967ac000 ---p 00007000 08:07 6033724                    /lib/x86_64-linux-gnu/librt-2.21.so
7fbc967ac000-7fbc967ad000 r--p 00006000 08:07 6033724                    /lib/x86_64-linux-gnu/librt-2.21.so
7fbc967ad000-7fbc967ae000 rw-p 00007000 08:07 6033724                    /lib/x86_64-linux-gnu/librt-2.21.so
7fbc967ae000-7fbc967c4000 r-xp 00000000 08:07 6033612                    /lib/x86_64-linux-gnu/libgcc_s.so.1
7fbc967c4000-7fbc969c3000 ---p 00016000 08:07 6033612                    /lib/x86_64-linux-gnu/libgcc_s.so.1
7fbc969c3000-7fbc969c4000 rw-p 00015000 08:07 6033612                    /lib/x86_64-linux-gnu/libgcc_s.so.1
7fbc969c4000-7fbc96acb000 r-xp 00000000 08:07 6033642                    /lib/x86_64-linux-gnu/libm-2.21.so
7fbc96acb000-7fbc96cca000 ---p 00107000 08:07 6033642                    /lib/x86_64-linux-gnu/libm-2.21.so
7fbc96cca000-7fbc96ccb000 r--p 00106000 08:07 6033642                    /lib/x86_64-linux-gnu/libm-2.21.so
7fbc96ccb000-7fbc96ccc000 rw-p 00107000 08:07 6033642                    /lib/x86_64-linux-gnu/libm-2.21.so
7fbc96ccc000-7fbc96dbc000 r-xp 00000000 08:07 3285525                    /usr/lib/x86_64-linux-gnu/libstdc++.so.6.0.20
7fbc96dbc000-7fbc96fbc000 ---p 000f0000 08:07 3285525                    /usr/lib/x86_64-linux-gnu/libstdc++.so.6.0.20
7fbc96fbc000-7fbc96fc4000 r--p 000f0000 08:07 3285525                    /usr/lib/x86_64-linux-gnu/libstdc++.so.6.0.20
7fbc96fc4000-7fbc96fc6000 rw-p 000f8000 08:07 3285525                    /usr/lib/x86_64-linux-gnu/libstdc++.so.6.0.20
7fbc96fc6000-7fbc96fdb000 rw-p 00000000 00:00 0 
7fbc96fdb000-7fbc97c68000 r-xp 00000000 08:07 4604037                    /usr/lib/jvm/java-8-openjdk-amd64/jre/lib/amd64/server/libjvm.so
7fbc97c68000-7fbc97e68000 ---p 00c8d000 08:07 4604037                    /usr/lib/jvm/java-8-openjdk-amd64/jre/lib/amd64/server/libjvm.so
7fbc97e68000-7fbc97f0b000 r--p 00c8d000 08:07 4604037                    /usr/lib/jvm/java-8-openjdk-amd64/jre/lib/amd64/server/libjvm.so
7fbc97f0b000-7fbc97f34000 rw-p 00d30000 08:07 4604037                    /usr/lib/jvm/java-8-openjdk-amd64/jre/lib/amd64/server/libjvm.so
7fbc97f34000-7fbc97f63000 rw-p 00000000 00:00 0 
7fbc97f63000-7fbc97f7b000 r-xp 00000000 08:07 6033716                    /lib/x86_64-linux-gnu/libpthread-2.21.so
7fbc97f7b000-7fbc9817b000 ---p 00018000 08:07 6033716                    /lib/x86_64-linux-gnu/libpthread-2.21.so
7fbc9817b000-7fbc9817c000 r--p 00018000 08:07 6033716                    /lib/x86_64-linux-gnu/libpthread-2.21.so
7fbc9817c000-7fbc9817d000 rw-p 00019000 08:07 6033716                    /lib/x86_64-linux-gnu/libpthread-2.21.so
7fbc9817d000-7fbc98181000 rw-p 00000000 00:00 0 
7fbc98181000-7fbc98184000 r-xp 00000000 08:07 6033600                    /lib/x86_64-linux-gnu/libdl-2.21.so
7fbc98184000-7fbc98383000 ---p 00003000 08:07 6033600                    /lib/x86_64-linux-gnu/libdl-2.21.so
7fbc98383000-7fbc98384000 r--p 00002000 08:07 6033600                    /lib/x86_64-linux-gnu/libdl-2.21.so
7fbc98384000-7fbc98385000 rw-p 00003000 08:07 6033600                    /lib/x86_64-linux-gnu/libdl-2.21.so
7fbc98385000-7fbc9839e000 r-xp 00000000 08:07 6033757                    /lib/x86_64-linux-gnu/libz.so.1.2.8
7fbc9839e000-7fbc9859e000 ---p 00019000 08:07 6033757                    /lib/x86_64-linux-gnu/libz.so.1.2.8
7fbc9859e000-7fbc9859f000 r--p 00019000 08:07 6033757                    /lib/x86_64-linux-gnu/libz.so.1.2.8
7fbc9859f000-7fbc985a0000 rw-p 0001a000 08:07 6033757                    /lib/x86_64-linux-gnu/libz.so.1.2.8
7fbc985a0000-7fbc98760000 r-xp 00000000 08:07 6033583                    /lib/x86_64-linux-gnu/libc-2.21.so
7fbc98760000-7fbc98960000 ---p 001c0000 08:07 6033583                    /lib/x86_64-linux-gnu/libc-2.21.so
7fbc98960000-7fbc98964000 r--p 001c0000 08:07 6033583                    /lib/x86_64-linux-gnu/libc-2.21.so
7fbc98964000-7fbc98966000 rw-p 001c4000 08:07 6033583                    /lib/x86_64-linux-gnu/libc-2.21.so
7fbc98966000-7fbc9896a000 rw-p 00000000 00:00 0 
7fbc9896a000-7fbc98978000 r-xp 00000000 08:07 4726035                    /usr/lib/jvm/java-8-openjdk-amd64/jre/lib/amd64/jli/libjli.so
7fbc98978000-7fbc98b77000 ---p 0000e000 08:07 4726035                    /usr/lib/jvm/java-8-openjdk-amd64/jre/lib/amd64/jli/libjli.so
7fbc98b77000-7fbc98b78000 r--p 0000d000 08:07 4726035                    /usr/lib/jvm/java-8-openjdk-amd64/jre/lib/amd64/jli/libjli.so
7fbc98b78000-7fbc98b79000 rw-p 0000e000 08:07 4726035                    /usr/lib/jvm/java-8-openjdk-amd64/jre/lib/amd64/jli/libjli.so
7fbc98b79000-7fbc98b9d000 r-xp 00000000 08:07 6033555                    /lib/x86_64-linux-gnu/ld-2.21.so
7fbc98b9d000-7fbc98b9f000 r--s 00006000 08:07 3538955                    /usr/share/java/java-atk-wrapper.jar
7fbc98b9f000-7fbc98ba5000 r--s 0003a000 08:07 4604056                    /usr/lib/jvm/java-8-openjdk-amd64/jre/lib/ext/sunjce_provider.jar
7fbc98ba5000-7fbc98ba6000 r--s 00008000 08:07 4604053                    /usr/lib/jvm/java-8-openjdk-amd64/jre/lib/ext/sunec.jar
7fbc98ba6000-7fbc98c76000 rw-p 00000000 00:00 0 
7fbc98c76000-7fbc98c79000 ---p 00000000 00:00 0 
7fbc98c79000-7fbc98d90000 rw-p 00000000 00:00 0                          [stack:6373]
7fbc98d90000-7fbc98d98000 rw-s 00000000 08:07 3016289                    /tmp/hsperfdata_pvthuyen/6368
7fbc98d98000-7fbc98d99000 rw-p 00000000 00:00 0 
7fbc98d99000-7fbc98d9a000 ---p 00000000 00:00 0 
7fbc98d9a000-7fbc98d9c000 rw-p 00000000 00:00 0 
7fbc98d9c000-7fbc98d9d000 r--p 00023000 08:07 6033555                    /lib/x86_64-linux-gnu/ld-2.21.so
7fbc98d9d000-7fbc98d9e000 rw-p 00024000 08:07 6033555                    /lib/x86_64-linux-gnu/ld-2.21.so
7fbc98d9e000-7fbc98d9f000 rw-p 00000000 00:00 0 
7ffdecafc000-7ffdecb1e000 rw-p 00000000 00:00 0                          [stack]
7ffdecbf3000-7ffdecbf5000 r--p 00000000 00:00 0                          [vvar]
7ffdecbf5000-7ffdecbf7000 r-xp 00000000 00:00 0                          [vdso]
ffffffffff600000-ffffffffff601000 r-xp 00000000 00:00 0                  [vsyscall]

VM Arguments:
jvm_args: -Xmx1024M -Dfile.encoding=UTF-8 -Duser.country=US -Duser.language=en -Duser.variant 
java_command: com.android.dx.command.Main --dex --output /home/pvthuyen/InteractiveBookforKids/app/build/intermediates/dex/debug /home/pvthuyen/InteractiveBookforKids/app/build/intermediates/classes/debug /home/pvthuyen/InteractiveBookforKids/app/build/intermediates/pre-dexed/debug/support-annotations-22.2.0-6edaf921514e3c79b4cd482598ff6f89aabb1f45.jar /home/pvthuyen/InteractiveBookforKids/app/build/intermediates/pre-dexed/debug/bolts-android-1.2.0-7df56509995ad20c5d42b047672f9e619feb1c0b.jar /home/pvthuyen/InteractiveBookforKids/app/build/intermediates/pre-dexed/debug/YouTubeAndroidPlayerApi-c93bfb5070f3dbe94f5c923b918f5babc67c852d.jar /home/pvthuyen/InteractiveBookforKids/app/build/intermediates/pre-dexed/debug/internal_impl-22.2.0-ed3cbea88f834b0acedf65ba22c49cbd5cb455ec.jar /home/pvthuyen/InteractiveBookforKids/app/build/intermediates/pre-dexed/debug/classes-6d1c973fa6ffe1b747324537e2faced0b9b5882f.jar /home/pvthuyen/InteractiveBookforKids/app/build/intermediates/pre-dexed/debug/classes-09815ebd0f2373945ebe89adcb9a41d0cbaf181c.jar /home/pvthuyen/InteractiveBookforKids/app/build/intermediates/pre-dexed/debug/classes-5e1345c53987f0c2e6f515948c53f1db5bd081c3.jar /home/pvthuyen/InteractiveBookforKids/app/build/intermediates/pre-dexed/debug/classes-529255ef87ba6b97d188da7fec939159296ffe35.jar
java_class_path (initial): /home/pvthuyen/Android/Sdk/build-tools/21.1.2/lib/dx.jar
Launcher Type: SUN_STANDARD

Environment Variables:
PATH=/usr/local/sbin:/usr/local/bin:/usr/sbin:/usr/bin:/sbin:/bin:/usr/games:/usr/local/games
LD_LIBRARY_PATH=.:
SHELL=/bin/bash
DISPLAY=:0.0

Signal Handlers:
SIGSEGV: [libjvm.so+0xa90d80], sa_mask[0]=11111111011111111101111111111110, sa_flags=SA_RESTART|SA_SIGINFO
SIGBUS: [libjvm.so+0xa90d80], sa_mask[0]=11111111011111111101111111111110, sa_flags=SA_RESTART|SA_SIGINFO
SIGFPE: [libjvm.so+0x8dbc70], sa_mask[0]=11111111011111111101111111111110, sa_flags=SA_RESTART|SA_SIGINFO
SIGPIPE: [libjvm.so+0x8dbc70], sa_mask[0]=11111111011111111101111111111110, sa_flags=SA_RESTART|SA_SIGINFO
SIGXFSZ: [libjvm.so+0x8dbc70], sa_mask[0]=11111111011111111101111111111110, sa_flags=SA_RESTART|SA_SIGINFO
SIGILL: [libjvm.so+0x8dbc70], sa_mask[0]=11111111011111111101111111111110, sa_flags=SA_RESTART|SA_SIGINFO
SIGUSR1: SIG_DFL, sa_mask[0]=00000000000000000000000000000000, sa_flags=none
SIGUSR2: [libjvm.so+0x8dbb20], sa_mask[0]=00100000000000000000000000000000, sa_flags=SA_RESTART|SA_SIGINFO
SIGHUP: [libjvm.so+0x8dbd40], sa_mask[0]=11111111011111111101111111111110, sa_flags=SA_RESTART|SA_SIGINFO
SIGINT: [libjvm.so+0x8dbd40], sa_mask[0]=11111111011111111101111111111110, sa_flags=SA_RESTART|SA_SIGINFO
SIGTERM: [libjvm.so+0x8dbd40], sa_mask[0]=11111111011111111101111111111110, sa_flags=SA_RESTART|SA_SIGINFO
SIGQUIT: [libjvm.so+0x8dbd40], sa_mask[0]=11111111011111111101111111111110, sa_flags=SA_RESTART|SA_SIGINFO


---------------  S Y S T E M  ---------------

OS:DISTRIB_ID=Ubuntu
DISTRIB_RELEASE=15.04
DISTRIB_CODENAME=vivid
DISTRIB_DESCRIPTION="Ubuntu 15.04"

uname:Linux 3.19.0-21-generic #21-Ubuntu SMP Sun Jun 14 18:31:11 UTC 2015 x86_64
libc:glibc 2.21 NPTL 2.21 
rlimit: STACK 8192k, CORE 0k, NPROC 15274, NOFILE 65536, AS infinity
load average:16.75 5.88 2.82

/proc/meminfo:
MemTotal:        3932700 kB
MemFree:          112192 kB
MemAvailable:      51436 kB
Buffers:             260 kB
Cached:           376816 kB
SwapCached:            0 kB
Active:          3307972 kB
Inactive:         324172 kB
Active(anon):    3304164 kB
Inactive(anon):   310756 kB
Active(file):       3808 kB
Inactive(file):    13416 kB
Unevictable:          48 kB
Mlocked:              48 kB
SwapTotal:             0 kB
SwapFree:              0 kB
Dirty:                 8 kB
Writeback:             0 kB
AnonPages:       3255524 kB
Mapped:           266368 kB
Shmem:            359444 kB
Slab:              64880 kB
SReclaimable:      30204 kB
SUnreclaim:        34676 kB
KernelStack:        9296 kB
PageTables:        37356 kB
NFS_Unstable:          0 kB
Bounce:                0 kB
WritebackTmp:          0 kB
CommitLimit:     1966348 kB
Committed_AS:    7140700 kB
VmallocTotal:   34359738367 kB
VmallocUsed:      557040 kB
VmallocChunk:   34359143320 kB
HardwareCorrupted:     0 kB
AnonHugePages:   1310720 kB
CmaTotal:              0 kB
CmaFree:               0 kB
HugePages_Total:       0
HugePages_Free:        0
HugePages_Rsvd:        0
HugePages_Surp:        0
Hugepagesize:       2048 kB
DirectMap4k:      152320 kB
DirectMap2M:     3928064 kB
DirectMap1G:     1048576 kB


CPU:total 4 (2 cores per cpu, 2 threads per core) family 6 model 69 stepping 1, cmov, cx8, fxsr, mmx, sse, sse2, sse3, ssse3, sse4.1, sse4.2, popcnt, avx, avx2, aes, clmul, erms, lzcnt, ht, tsc, tscinvbit, bmi1, bmi2

/proc/cpuinfo:
processor	: 0
vendor_id	: GenuineIntel
cpu family	: 6
model		: 69
model name	: Intel(R) Core(TM) i5-4200U CPU @ 1.60GHz
stepping	: 1
microcode	: 0x1c
cpu MHz		: 1136.523
cache size	: 3072 KB
physical id	: 0
siblings	: 4
core id		: 0
cpu cores	: 2
apicid		: 0
initial apicid	: 0
fpu		: yes
fpu_exception	: yes
cpuid level	: 13
wp		: yes
flags		: fpu vme de pse tsc msr pae mce cx8 apic sep mtrr pge mca cmov pat pse36 clflush dts acpi mmx fxsr sse sse2 ss ht tm pbe syscall nx pdpe1gb rdtscp lm constant_tsc arch_perfmon pebs bts rep_good nopl xtopology nonstop_tsc aperfmperf eagerfpu pni pclmulqdq dtes64 monitor ds_cpl vmx est tm2 ssse3 fma cx16 xtpr pdcm pcid sse4_1 sse4_2 movbe popcnt tsc_deadline_timer aes xsave avx f16c rdrand lahf_lm abm ida arat epb pln pts dtherm tpr_shadow vnmi flexpriority ept vpid fsgsbase tsc_adjust bmi1 avx2 smep bmi2 erms invpcid xsaveopt
bugs		:
bogomips	: 4589.35
clflush size	: 64
cache_alignment	: 64
address sizes	: 39 bits physical, 48 bits virtual
power management:

processor	: 1
vendor_id	: GenuineIntel
cpu family	: 6
model		: 69
model name	: Intel(R) Core(TM) i5-4200U CPU @ 1.60GHz
stepping	: 1
microcode	: 0x1c
cpu MHz		: 1088.726
cache size	: 3072 KB
physical id	: 0
siblings	: 4
core id		: 0
cpu cores	: 2
apicid		: 1
initial apicid	: 1
fpu		: yes
fpu_exception	: yes
cpuid level	: 13
wp		: yes
flags		: fpu vme de pse tsc msr pae mce cx8 apic sep mtrr pge mca cmov pat pse36 clflush dts acpi mmx fxsr sse sse2 ss ht tm pbe syscall nx pdpe1gb rdtscp lm constant_tsc arch_perfmon pebs bts rep_good nopl xtopology nonstop_tsc aperfmperf eagerfpu pni pclmulqdq dtes64 monitor ds_cpl vmx est tm2 ssse3 fma cx16 xtpr pdcm pcid sse4_1 sse4_2 movbe popcnt tsc_deadline_timer aes xsave avx f16c rdrand lahf_lm abm ida arat epb pln pts dtherm tpr_shadow vnmi flexpriority ept vpid fsgsbase tsc_adjust bmi1 avx2 smep bmi2 erms invpcid xsaveopt
bugs		:
bogomips	: 4589.35
clflush size	: 64
cache_alignment	: 64
address sizes	: 39 bits physical, 48 bits virtual
power management:

processor	: 2
vendor_id	: GenuineIntel
cpu family	: 6
model		: 69
model name	: Intel(R) Core(TM) i5-4200U CPU @ 1.60GHz
stepping	: 1
microcode	: 0x1c
cpu MHz		: 908.859
cache size	: 3072 KB
physical id	: 0
siblings	: 4
core id		: 1
cpu cores	: 2
apicid		: 2
initial apicid	: 2
fpu		: yes
fpu_exception	: yes
cpuid level	: 13
wp		: yes
flags		: fpu vme de pse tsc msr pae mce cx8 apic sep mtrr pge mca cmov pat pse36 clflush dts acpi mmx fxsr sse sse2 ss ht tm pbe syscall nx pdpe1gb rdtscp lm constant_tsc arch_perfmon pebs bts rep_good nopl xtopology nonstop_tsc aperfmperf eagerfpu pni pclmulqdq dtes64 monitor ds_cpl vmx est tm2 ssse3 fma cx16 xtpr pdcm pcid sse4_1 sse4_2 movbe popcnt tsc_deadline_timer aes xsave avx f16c rdrand lahf_lm abm ida arat epb pln pts dtherm tpr_shadow vnmi flexpriority ept vpid fsgsbase tsc_adjust bmi1 avx2 smep bmi2 erms invpcid xsaveopt
bugs		:
bogomips	: 4589.35
clflush size	: 64
cache_alignment	: 64
address sizes	: 39 bits physical, 48 bits virtual
power management:

processor	: 3
vendor_id	: GenuineIntel
cpu family	: 6
model		: 69
model name	: Intel(R) Core(TM) i5-4200U CPU @ 1.60GHz
stepping	: 1
microcode	: 0x1c
cpu MHz		: 805.808
cache size	: 3072 KB
physical id	: 0
siblings	: 4
core id		: 1
cpu cores	: 2
apicid		: 3
initial apicid	: 3
fpu		: yes
fpu_exception	: yes
cpuid level	: 13
wp		: yes
flags		: fpu vme de pse tsc msr pae mce cx8 apic sep mtrr pge mca cmov pat pse36 clflush dts acpi mmx fxsr sse sse2 ss ht tm pbe syscall nx pdpe1gb rdtscp lm constant_tsc arch_perfmon pebs bts rep_good nopl xtopology nonstop_tsc aperfmperf eagerfpu pni pclmulqdq dtes64 monitor ds_cpl vmx est tm2 ssse3 fma cx16 xtpr pdcm pcid sse4_1 sse4_2 movbe popcnt tsc_deadline_timer aes xsave avx f16c rdrand lahf_lm abm ida arat epb pln pts dtherm tpr_shadow vnmi flexpriority ept vpid fsgsbase tsc_adjust bmi1 avx2 smep bmi2 erms invpcid xsaveopt
bugs		:
bogomips	: 4589.35
clflush size	: 64
cache_alignment	: 64
address sizes	: 39 bits physical, 48 bits virtual
power management:



Memory: 4k page, physical 3932700k(112192k free), swap 0k(0k free)

vm_info: OpenJDK 64-Bit Server VM (25.45-b02) for linux-amd64 JRE (1.8.0_45-internal-b14), built on Apr 20 2015 00:35:04 by "buildd" with gcc 4.9.2

time: Tue Jul  7 22:40:32 2015
elapsed time: 82 seconds (0d 0h 1m 22s)

