#
# There is insufficient memory for the Java Runtime Environment to continue.
# Native memory allocation (mmap) failed to map 90177536 bytes for committing reserved memory.
# Possible reasons:
#   The system is out of physical RAM or swap space
#   In 32 bit mode, the process size limit was hit
# Possible solutions:
#   Reduce memory load on the system
#   Increase physical memory or swap space
#   Check if swap backing store is full
#   Use 64 bit Java on a 64 bit OS
#   Decrease Java heap size (-Xmx/-Xms)
#   Decrease number of Java threads
#   Decrease Java thread stack sizes (-Xss)
#   Set larger code cache with -XX:ReservedCodeCacheSize=
# This output file may be truncated or incomplete.
#
#  Out of Memory Error (os_linux.cpp:2673), pid=6316, tid=140631420147456
#
# JRE version: OpenJDK Runtime Environment (8.0_45-b14) (build 1.8.0_45-internal-b14)
# Java VM: OpenJDK 64-Bit Server VM (25.45-b02 mixed mode linux-amd64 compressed oops)
# Failed to write core dump. Core dumps have been disabled. To enable core dumping, try "ulimit -c unlimited" before starting Java again
#

---------------  T H R E A D  ---------------

Current thread (0x00007fe760078800):  VMThread [stack: 0x00007fe74dc79000,0x00007fe74dd7a000] [id=6327]

Stack: [0x00007fe74dc79000,0x00007fe74dd7a000],  sp=0x00007fe74dd784d0,  free space=1021k
Native frames: (J=compiled Java code, j=interpreted, Vv=VM code, C=native code)
V  [libjvm.so+0xa902bd]  VMError::report_and_die()+0x15d
V  [libjvm.so+0x4e783c]  report_vm_out_of_memory(char const*, int, unsigned long, VMErrorType, char const*)+0xac
V  [libjvm.so+0x8e03b0]  os::pd_commit_memory(char*, unsigned long, unsigned long, bool)+0xf0
V  [libjvm.so+0x8daaee]  os::commit_memory(char*, unsigned long, unsigned long, bool)+0x2e
V  [libjvm.so+0x955a9b]  PSVirtualSpace::expand_by(unsigned long)+0x5b
V  [libjvm.so+0x956e03]  PSYoungGen::resize(unsigned long, unsigned long)+0x103
V  [libjvm.so+0x953a8e]  PSScavenge::invoke_no_policy()+0x14be
V  [libjvm.so+0x953d7c]  PSScavenge::invoke()+0x4c
V  [libjvm.so+0x906073]  ParallelScavengeHeap::failed_mem_allocate(unsigned long)+0x63
V  [libjvm.so+0xa91d92]  VM_ParallelGCFailedAllocation::doit()+0x92
V  [libjvm.so+0xa968f7]  VM_Operation::evaluate()+0x47
V  [libjvm.so+0xa94c17]  VMThread::evaluate_operation(VM_Operation*)+0xe7
V  [libjvm.so+0xa95447]  VMThread::loop()+0x227
V  [libjvm.so+0xa95991]  VMThread::run()+0x81
V  [libjvm.so+0x8dd8a2]  java_start(Thread*)+0xf2

VM_Operation (0x00007fe766ae7ef0): ParallelGCFailedAllocation, mode: safepoint, requested by thread 0x00007fe76000a800


---------------  P R O C E S S  ---------------

Java Threads: ( => current thread )
  0x00007fe7600bf000 JavaThread "Service Thread" daemon [_thread_blocked, id=6334, stack(0x00007fe74ca34000,0x00007fe74cb35000)]
  0x00007fe7600b0800 JavaThread "C1 CompilerThread2" daemon [_thread_blocked, id=6333, stack(0x00007fe74cb35000,0x00007fe74cc36000)]
  0x00007fe7600af000 JavaThread "C2 CompilerThread1" daemon [_thread_blocked, id=6332, stack(0x00007fe74cc36000,0x00007fe74cd37000)]
  0x00007fe7600ac000 JavaThread "C2 CompilerThread0" daemon [_thread_blocked, id=6331, stack(0x00007fe74cd37000,0x00007fe74ce38000)]
  0x00007fe7600aa000 JavaThread "Signal Dispatcher" daemon [_thread_blocked, id=6330, stack(0x00007fe74ce38000,0x00007fe74cf39000)]
  0x00007fe76007f800 JavaThread "Finalizer" daemon [_thread_blocked, id=6329, stack(0x00007fe74da77000,0x00007fe74db78000)]
  0x00007fe76007d800 JavaThread "Reference Handler" daemon [_thread_blocked, id=6328, stack(0x00007fe74db78000,0x00007fe74dc79000)]
  0x00007fe76000a800 JavaThread "main" [_thread_blocked, id=6322, stack(0x00007fe7669e9000,0x00007fe766aea000)]

Other Threads:
=>0x00007fe760078800 VMThread [stack: 0x00007fe74dc79000,0x00007fe74dd7a000] [id=6327]
  0x00007fe7600c1000 WatcherThread [stack: 0x00007fe74c933000,0x00007fe74ca34000] [id=6335]

VM state:at safepoint (normal execution)

VM Mutex/Monitor currently owned by a thread:  ([mutex/lock_event])
[0x00007fe760006e30] Threads_lock - owner thread: 0x00007fe760078800
[0x00007fe760007330] Heap_lock - owner thread: 0x00007fe76000a800

Heap:
 PSYoungGen      total 66048K, used 2554K [0x00000000eab00000, 0x00000000eee00000, 0x0000000100000000)
  eden space 63488K, 0% used [0x00000000eab00000,0x00000000eab00000,0x00000000ee900000)
  from space 2560K, 99% used [0x00000000ee900000,0x00000000eeb7eb48,0x00000000eeb80000)
  to   space 2560K, 0% used [0x00000000eeb80000,0x00000000eeb80000,0x00000000eee00000)
 ParOldGen       total 42496K, used 27270K [0x00000000c0000000, 0x00000000c2980000, 0x00000000eab00000)
  object space 42496K, 64% used [0x00000000c0000000,0x00000000c1aa18d0,0x00000000c2980000)
 Metaspace       used 7168K, capacity 7832K, committed 7936K, reserved 1056768K
  class space    used 679K, capacity 720K, committed 768K, reserved 1048576K

Card table byte_map: [0x00007fe74fdca000,0x00007fe74ffcb000] byte_map_base: 0x00007fe74f7ca000

Marking Bits: (ParMarkBitMap*) 0x00007fe765cbae80
 Begin Bits: [0x00007fe73d971000, 0x00007fe73e971000)
 End Bits:   [0x00007fe73e971000, 0x00007fe73f971000)

Polling page: 0x00007fe766b0c000

CodeCache: size=245760Kb used=7638Kb max_used=7649Kb free=238121Kb
 bounds [0x00007fe75038b000, 0x00007fe750b1b000, 0x00007fe75f38b000]
 total_blobs=2554 nmethods=2261 adapters=207
 compilation: enabled

Compilation events (10 events):
Event: 3.492 Thread 0x00007fe7600b0800 nmethod 2300 0x00007fe750aeb050 code [0x00007fe750aeb200, 0x00007fe750aeb608]
Event: 3.492 Thread 0x00007fe7600b0800 2301       2       java.util.HashMap$TreeNode::moveRootToFront (124 bytes)
Event: 3.493 Thread 0x00007fe7600b0800 nmethod 2301 0x00007fe750af3ed0 code [0x00007fe750af4040, 0x00007fe750af4370]
Event: 3.493 Thread 0x00007fe7600af000 nmethod 2290 0x00007fe750b0a690 code [0x00007fe750b0a880, 0x00007fe750b0af78]
Event: 3.493 Thread 0x00007fe7600af000 2298       4       com.android.dx.merge.DexMerger::access$1800 (6 bytes)
Event: 3.494 Thread 0x00007fe7600af000 nmethod 2298 0x00007fe750ade9d0 code [0x00007fe750adeb20, 0x00007fe750adebb8]
Event: 3.494 Thread 0x00007fe7600af000 2263       4       com.android.dx.merge.IndexMap::adjust (36 bytes)
Event: 3.495 Thread 0x00007fe7600b0800 2306       2       java.util.TimSort::ensureCapacity (107 bytes)
Event: 3.496 Thread 0x00007fe7600b0800 nmethod 2306 0x00007fe750af3990 code [0x00007fe750af3b00, 0x00007fe750af3d78]
Event: 3.496 Thread 0x00007fe7600b0800 2307       2       java.util.TimSort::mergeLo (659 bytes)

GC Heap History (9 events):
Event: 1.561 GC heap before
{Heap before GC invocations=1 (full 0):
 PSYoungGen      total 18432K, used 15872K [0x00000000eab00000, 0x00000000ebf80000, 0x0000000100000000)
  eden space 15872K, 100% used [0x00000000eab00000,0x00000000eba80000,0x00000000eba80000)
  from space 2560K, 0% used [0x00000000ebd00000,0x00000000ebd00000,0x00000000ebf80000)
  to   space 2560K, 0% used [0x00000000eba80000,0x00000000eba80000,0x00000000ebd00000)
 ParOldGen       total 42496K, used 0K [0x00000000c0000000, 0x00000000c2980000, 0x00000000eab00000)
  object space 42496K, 0% used [0x00000000c0000000,0x00000000c0000000,0x00000000c2980000)
 Metaspace       used 5241K, capacity 6640K, committed 6784K, reserved 1056768K
  class space    used 524K, capacity 616K, committed 640K, reserved 1048576K
Event: 1.576 GC heap after
Heap after GC invocations=1 (full 0):
 PSYoungGen      total 18432K, used 2544K [0x00000000eab00000, 0x00000000ecf00000, 0x0000000100000000)
  eden space 15872K, 0% used [0x00000000eab00000,0x00000000eab00000,0x00000000eba80000)
  from space 2560K, 99% used [0x00000000eba80000,0x00000000ebcfc028,0x00000000ebd00000)
  to   space 2560K, 0% used [0x00000000ecc80000,0x00000000ecc80000,0x00000000ecf00000)
 ParOldGen       total 42496K, used 1218K [0x00000000c0000000, 0x00000000c2980000, 0x00000000eab00000)
  object space 42496K, 2% used [0x00000000c0000000,0x00000000c0130a68,0x00000000c2980000)
 Metaspace       used 5241K, capacity 6640K, committed 6784K, reserved 1056768K
  class space    used 524K, capacity 616K, committed 640K, reserved 1048576K
}
Event: 1.928 GC heap before
{Heap before GC invocations=2 (full 0):
 PSYoungGen      total 18432K, used 18283K [0x00000000eab00000, 0x00000000ecf00000, 0x0000000100000000)
  eden space 15872K, 99% used [0x00000000eab00000,0x00000000eba5ee28,0x00000000eba80000)
  from space 2560K, 99% used [0x00000000eba80000,0x00000000ebcfc028,0x00000000ebd00000)
  to   space 2560K, 0% used [0x00000000ecc80000,0x00000000ecc80000,0x00000000ecf00000)
 ParOldGen       total 42496K, used 1218K [0x00000000c0000000, 0x00000000c2980000, 0x00000000eab00000)
  object space 42496K, 2% used [0x00000000c0000000,0x00000000c0130a68,0x00000000c2980000)
 Metaspace       used 5466K, capacity 6832K, committed 7040K, reserved 1056768K
  class space    used 524K, capacity 616K, committed 640K, reserved 1048576K
Event: 1.964 GC heap after
Heap after GC invocations=2 (full 0):
 PSYoungGen      total 34304K, used 2529K [0x00000000eab00000, 0x00000000ecf00000, 0x0000000100000000)
  eden space 31744K, 0% used [0x00000000eab00000,0x00000000eab00000,0x00000000eca00000)
  from space 2560K, 98% used [0x00000000ecc80000,0x00000000ecef8710,0x00000000ecf00000)
  to   space 2560K, 0% used [0x00000000eca00000,0x00000000eca00000,0x00000000ecc80000)
 ParOldGen       total 42496K, used 4483K [0x00000000c0000000, 0x00000000c2980000, 0x00000000eab00000)
  object space 42496K, 10% used [0x00000000c0000000,0x00000000c0460e40,0x00000000c2980000)
 Metaspace       used 5466K, capacity 6832K, committed 7040K, reserved 1056768K
  class space    used 524K, capacity 616K, committed 640K, reserved 1048576K
}
Event: 2.933 GC heap before
{Heap before GC invocations=3 (full 0):
 PSYoungGen      total 34304K, used 34273K [0x00000000eab00000, 0x00000000ecf00000, 0x0000000100000000)
  eden space 31744K, 100% used [0x00000000eab00000,0x00000000eca00000,0x00000000eca00000)
  from space 2560K, 98% used [0x00000000ecc80000,0x00000000ecef8710,0x00000000ecf00000)
  to   space 2560K, 0% used [0x00000000eca00000,0x00000000eca00000,0x00000000ecc80000)
 ParOldGen       total 42496K, used 4483K [0x00000000c0000000, 0x00000000c2980000, 0x00000000eab00000)
  object space 42496K, 10% used [0x00000000c0000000,0x00000000c0460e40,0x00000000c2980000)
 Metaspace       used 7108K, capacity 7800K, committed 7936K, reserved 1056768K
  class space    used 678K, capacity 688K, committed 768K, reserved 1048576K
Event: 2.946 GC heap after
Heap after GC invocations=3 (full 0):
 PSYoungGen      total 34304K, used 2532K [0x00000000eab00000, 0x00000000eee00000, 0x0000000100000000)
  eden space 31744K, 0% used [0x00000000eab00000,0x00000000eab00000,0x00000000eca00000)
  from space 2560K, 98% used [0x00000000eca00000,0x00000000ecc79338,0x00000000ecc80000)
  to   space 2560K, 0% used [0x00000000eeb80000,0x00000000eeb80000,0x00000000eee00000)
 ParOldGen       total 42496K, used 10826K [0x00000000c0000000, 0x00000000c2980000, 0x00000000eab00000)
  object space 42496K, 25% used [0x00000000c0000000,0x00000000c0a92910,0x00000000c2980000)
 Metaspace       used 7108K, capacity 7800K, committed 7936K, reserved 1056768K
  class space    used 678K, capacity 688K, committed 768K, reserved 1048576K
}
Event: 3.152 GC heap before
{Heap before GC invocations=4 (full 0):
 PSYoungGen      total 34304K, used 33976K [0x00000000eab00000, 0x00000000eee00000, 0x0000000100000000)
  eden space 31744K, 99% used [0x00000000eab00000,0x00000000ec9b4fa0,0x00000000eca00000)
  from space 2560K, 98% used [0x00000000eca00000,0x00000000ecc79338,0x00000000ecc80000)
  to   space 2560K, 0% used [0x00000000eeb80000,0x00000000eeb80000,0x00000000eee00000)
 ParOldGen       total 42496K, used 10826K [0x00000000c0000000, 0x00000000c2980000, 0x00000000eab00000)
  object space 42496K, 25% used [0x00000000c0000000,0x00000000c0a92910,0x00000000c2980000)
 Metaspace       used 7140K, capacity 7800K, committed 7936K, reserved 1056768K
  class space    used 678K, capacity 688K, committed 768K, reserved 1048576K
Event: 3.175 GC heap after
Heap after GC invocations=4 (full 0):
 PSYoungGen      total 66048K, used 2534K [0x00000000eab00000, 0x00000000eee00000, 0x0000000100000000)
  eden space 63488K, 0% used [0x00000000eab00000,0x00000000eab00000,0x00000000ee900000)
  from space 2560K, 99% used [0x00000000eeb80000,0x00000000eedf9b50,0x00000000eee00000)
  to   space 2560K, 0% used [0x00000000ee900000,0x00000000ee900000,0x00000000eeb80000)
 ParOldGen       total 42496K, used 16508K [0x00000000c0000000, 0x00000000c2980000, 0x00000000eab00000)
  object space 42496K, 38% used [0x00000000c0000000,0x00000000c101f320,0x00000000c2980000)
 Metaspace       used 7140K, capacity 7800K, committed 7936K, reserved 1056768K
  class space    used 678K, capacity 688K, committed 768K, reserved 1048576K
}
Event: 3.498 GC heap before
{Heap before GC invocations=5 (full 0):
 PSYoungGen      total 66048K, used 66022K [0x00000000eab00000, 0x00000000eee00000, 0x0000000100000000)
  eden space 63488K, 100% used [0x00000000eab00000,0x00000000ee900000,0x00000000ee900000)
  from space 2560K, 99% used [0x00000000eeb80000,0x00000000eedf9b50,0x00000000eee00000)
  to   space 2560K, 0% used [0x00000000ee900000,0x00000000ee900000,0x00000000eeb80000)
 ParOldGen       total 42496K, used 16508K [0x00000000c0000000, 0x00000000c2980000, 0x00000000eab00000)
  object space 42496K, 38% used [0x00000000c0000000,0x00000000c101f320,0x00000000c2980000)
 Metaspace       used 7168K, capacity 7832K, committed 7936K, reserved 1056768K
  class space    used 679K, capacity 720K, committed 768K, reserved 1048576K

Deoptimization events (10 events):
Event: 2.382 Thread 0x00007fe76000a800 Uncommon trap: reason=class_check action=maybe_recompile pc=0x00007fe7508c6a4c method=java.util.HashMap.putVal(ILjava/lang/Object;Ljava/lang/Object;ZZ)Ljava/lang/Object; @ 56
Event: 2.382 Thread 0x00007fe76000a800 Uncommon trap: reason=class_check action=maybe_recompile pc=0x00007fe7508c6ac4 method=java.util.HashMap.putVal(ILjava/lang/Object;Ljava/lang/Object;ZZ)Ljava/lang/Object; @ 152
Event: 2.382 Thread 0x00007fe76000a800 Uncommon trap: reason=class_check action=maybe_recompile pc=0x00007fe7508c6ac4 method=java.util.HashMap.putVal(ILjava/lang/Object;Ljava/lang/Object;ZZ)Ljava/lang/Object; @ 152
Event: 2.603 Thread 0x00007fe76000a800 Uncommon trap: reason=unstable_if action=reinterpret pc=0x00007fe75095aa28 method=java.util.HashMap.putVal(ILjava/lang/Object;Ljava/lang/Object;ZZ)Ljava/lang/Object; @ 162
Event: 2.751 Thread 0x00007fe76000a800 Uncommon trap: reason=predicate action=maybe_recompile pc=0x00007fe7509e4c50 method=com.android.dex.Leb128.readUnsignedLeb128(Lcom/android/dex/util/ByteInput;)I @ 41
Event: 2.760 Thread 0x00007fe76000a800 Uncommon trap: reason=unstable_if action=reinterpret pc=0x00007fe750899e4c method=java.util.HashMap.getNode(ILjava/lang/Object;)Ljava/util/HashMap$Node; @ 84
Event: 2.760 Thread 0x00007fe76000a800 Uncommon trap: reason=unstable_if action=reinterpret pc=0x00007fe750909444 method=java.util.HashMap.getNode(ILjava/lang/Object;)Ljava/util/HashMap$Node; @ 84
Event: 2.796 Thread 0x00007fe76000a800 Uncommon trap: reason=unstable_if action=reinterpret pc=0x00007fe7509abe28 method=com.android.dex.Mutf8.decode(Lcom/android/dex/util/ByteInput;[C)Ljava/lang/String; @ 37
Event: 2.796 Thread 0x00007fe76000a800 Uncommon trap: reason=unstable_if action=reinterpret pc=0x00007fe75098b0d8 method=com.android.dex.Mutf8.countBytes(Ljava/lang/String;Z)J @ 35
Event: 2.796 Thread 0x00007fe76000a800 Uncommon trap: reason=unstable_if action=reinterpret pc=0x00007fe75098a69c method=com.android.dex.Mutf8.encode([BILjava/lang/String;)V @ 31

Internal exceptions (7 events):
Event: 0.550 Thread 0x00007fe76000a800 Exception <a 'java/lang/NoSuchMethodError': Method sun.misc.Unsafe.defineClass(Ljava/lang/String;[BII)Ljava/lang/Class; name or signature does not match> (0x00000000eab12a50) thrown at [/build/buildd/openjdk-8-8u45-b14/src/hotspot/src/share/vm/prims/jni.c
Event: 0.550 Thread 0x00007fe76000a800 Exception <a 'java/lang/NoSuchMethodError': Method sun.misc.Unsafe.prefetchRead(Ljava/lang/Object;J)V name or signature does not match> (0x00000000eab12ce0) thrown at [/build/buildd/openjdk-8-8u45-b14/src/hotspot/src/share/vm/prims/jni.cpp, line 3994]
Event: 0.758 Thread 0x00007fe76000a800 Exception <a 'java/util/zip/ZipException'> (0x00000000eabcecb8) thrown at [/build/buildd/openjdk-8-8u45-b14/src/hotspot/src/share/vm/prims/jni.cpp, line 709]
Event: 0.758 Thread 0x00007fe76000a800 Exception <a 'java/security/PrivilegedActionException'> (0x00000000eabcef00) thrown at [/build/buildd/openjdk-8-8u45-b14/src/hotspot/src/share/vm/prims/jvm.cpp, line 1382]
Event: 0.759 Thread 0x00007fe76000a800 Exception <a 'java/security/PrivilegedActionException'> (0x00000000eabcf0b8) thrown at [/build/buildd/openjdk-8-8u45-b14/src/hotspot/src/share/vm/prims/jvm.cpp, line 1382]
Event: 1.341 Thread 0x00007fe76000a800 Implicit null exception at 0x00007fe7505f1b8b to 0x00007fe7505f1d79
Event: 1.816 Thread 0x00007fe76000a800 Implicit null exception at 0x00007fe7506fc1d8 to 0x00007fe7506fe535

Events (10 events):
Event: 3.175 Executing VM operation: ParallelGCFailedAllocation done
Event: 3.202 loading class java/util/Collections$EmptyIterator
Event: 3.202 loading class java/util/Collections$EmptyIterator done
Event: 3.312 loading class com/android/dex/Dex$1
Event: 3.312 loading class com/android/dex/Dex$1 done
Event: 3.473 Thread 0x00007fe76000a800 DEOPT PACKING pc=0x00007fe750aa3059 sp=0x00007fe766ae85a0
Event: 3.473 Thread 0x00007fe76000a800 DEOPT UNPACKING pc=0x00007fe7503d2373 sp=0x00007fe766ae8340 mode 0
Event: 3.487 Thread 0x00007fe76000a800 DEOPT PACKING pc=0x00007fe750ae6692 sp=0x00007fe766ae8210
Event: 3.487 Thread 0x00007fe76000a800 DEOPT UNPACKING pc=0x00007fe7503d2373 sp=0x00007fe766ae7fb0 mode 0
Event: 3.498 Executing VM operation: ParallelGCFailedAllocation


Dynamic libraries:
00400000-00401000 r-xp 00000000 08:07 4854430                            /usr/lib/jvm/java-8-openjdk-amd64/jre/bin/java
00600000-00601000 r--p 00000000 08:07 4854430                            /usr/lib/jvm/java-8-openjdk-amd64/jre/bin/java
00601000-00602000 rw-p 00001000 08:07 4854430                            /usr/lib/jvm/java-8-openjdk-amd64/jre/bin/java
00e66000-00e87000 rw-p 00000000 00:00 0                                  [heap]
c0000000-c2980000 rw-p 00000000 00:00 0 
c2980000-eab00000 ---p 00000000 00:00 0 
eab00000-eee00000 rw-p 00000000 00:00 0 
f4400000-100000000 ---p 00000000 00:00 0 
100000000-1000c0000 rw-p 00000000 00:00 0 
1000c0000-140000000 ---p 00000000 00:00 0 
7fe710000000-7fe710021000 rw-p 00000000 00:00 0 
7fe710021000-7fe714000000 ---p 00000000 00:00 0 
7fe714000000-7fe714021000 rw-p 00000000 00:00 0 
7fe714021000-7fe718000000 ---p 00000000 00:00 0 
7fe718000000-7fe71879a000 rw-p 00000000 00:00 0 
7fe71879a000-7fe71c000000 ---p 00000000 00:00 0 
7fe71c000000-7fe71c7a8000 rw-p 00000000 00:00 0 
7fe71c7a8000-7fe720000000 ---p 00000000 00:00 0 
7fe720000000-7fe720021000 rw-p 00000000 00:00 0 
7fe720021000-7fe724000000 ---p 00000000 00:00 0 
7fe724000000-7fe724ee5000 rw-p 00000000 00:00 0 
7fe724ee5000-7fe728000000 ---p 00000000 00:00 0 
7fe728000000-7fe728021000 rw-p 00000000 00:00 0 
7fe728021000-7fe72c000000 ---p 00000000 00:00 0 
7fe72c000000-7fe72c021000 rw-p 00000000 00:00 0 
7fe72c021000-7fe730000000 ---p 00000000 00:00 0 
7fe730000000-7fe730021000 rw-p 00000000 00:00 0 
7fe730021000-7fe734000000 ---p 00000000 00:00 0 
7fe734000000-7fe73427d000 rw-p 00000000 00:00 0 
7fe73427d000-7fe738000000 ---p 00000000 00:00 0 
7fe738000000-7fe738021000 rw-p 00000000 00:00 0 
7fe738021000-7fe73c000000 ---p 00000000 00:00 0 
7fe73d971000-7fe73f971000 rw-p 00000000 00:00 0 
7fe740000000-7fe740021000 rw-p 00000000 00:00 0 
7fe740021000-7fe744000000 ---p 00000000 00:00 0 
7fe748000000-7fe748021000 rw-p 00000000 00:00 0 
7fe748021000-7fe74c000000 ---p 00000000 00:00 0 
7fe74c8d9000-7fe74c8de000 r--s 00094000 08:07 4604047                    /usr/lib/jvm/java-8-openjdk-amd64/jre/lib/jsse.jar
7fe74c8de000-7fe74c8ed000 r--s 000dd000 08:07 7472679                    /home/pvthuyen/Android/Sdk/build-tools/21.1.2/lib/dx.jar
7fe74c8ed000-7fe74c8f0000 r--s 00037000 08:07 4604059                    /usr/lib/jvm/java-8-openjdk-amd64/jre/lib/ext/sunpkcs11.jar
7fe74c8f0000-7fe74c8f2000 r--s 00001000 08:07 4604057                    /usr/lib/jvm/java-8-openjdk-amd64/jre/lib/ext/dnsns.jar
7fe74c8f2000-7fe74c90c000 r--s 001d3000 08:07 4604052                    /usr/lib/jvm/java-8-openjdk-amd64/jre/lib/ext/nashorn.jar
7fe74c90c000-7fe74c928000 r--s 00393000 08:07 4604051                    /usr/lib/jvm/java-8-openjdk-amd64/jre/lib/ext/cldrdata.jar
7fe74c928000-7fe74c933000 r--s 00116000 08:07 4604054                    /usr/lib/jvm/java-8-openjdk-amd64/jre/lib/ext/localedata.jar
7fe74c933000-7fe74c934000 ---p 00000000 00:00 0 
7fe74c934000-7fe74ca34000 rw-p 00000000 00:00 0                          [stack:6335]
7fe74ca34000-7fe74ca37000 ---p 00000000 00:00 0 
7fe74ca37000-7fe74cb35000 rw-p 00000000 00:00 0                          [stack:6334]
7fe74cb35000-7fe74cb38000 ---p 00000000 00:00 0 
7fe74cb38000-7fe74cc36000 rw-p 00000000 00:00 0                          [stack:6333]
7fe74cc36000-7fe74cc39000 ---p 00000000 00:00 0 
7fe74cc39000-7fe74cd37000 rw-p 00000000 00:00 0                          [stack:6332]
7fe74cd37000-7fe74cd3a000 ---p 00000000 00:00 0 
7fe74cd3a000-7fe74ce38000 rw-p 00000000 00:00 0                          [stack:6331]
7fe74ce38000-7fe74ce3b000 ---p 00000000 00:00 0 
7fe74ce3b000-7fe74cf39000 rw-p 00000000 00:00 0                          [stack:6330]
7fe74cf39000-7fe74da77000 r--p 00000000 08:07 3282551                    /usr/lib/locale/locale-archive
7fe74da77000-7fe74da7a000 ---p 00000000 00:00 0 
7fe74da7a000-7fe74db78000 rw-p 00000000 00:00 0                          [stack:6329]
7fe74db78000-7fe74db7b000 ---p 00000000 00:00 0 
7fe74db7b000-7fe74dc79000 rw-p 00000000 00:00 0                          [stack:6328]
7fe74dc79000-7fe74dc7a000 ---p 00000000 00:00 0 
7fe74dc7a000-7fe74ed2e000 rw-p 00000000 00:00 0                          [stack:6327]
7fe74ed2e000-7fe74eefb000 r--s 03bd3000 08:07 4604067                    /usr/lib/jvm/java-8-openjdk-amd64/jre/lib/rt.jar
7fe74eefb000-7fe74f671000 rw-p 00000000 00:00 0 
7fe74f671000-7fe74f771000 ---p 00000000 00:00 0 
7fe74f771000-7fe74f971000 rw-p 00000000 00:00 0 
7fe74f971000-7fe74f972000 ---p 00000000 00:00 0 
7fe74f972000-7fe74fa72000 rw-p 00000000 00:00 0                          [stack:6326]
7fe74fa72000-7fe74fa73000 ---p 00000000 00:00 0 
7fe74fa73000-7fe74fb73000 rw-p 00000000 00:00 0                          [stack:6325]
7fe74fb73000-7fe74fb74000 ---p 00000000 00:00 0 
7fe74fb74000-7fe74fc89000 rw-p 00000000 00:00 0                          [stack:6324]
7fe74fc89000-7fe74fdca000 ---p 00000000 00:00 0 
7fe74fdca000-7fe74fddf000 rw-p 00000000 00:00 0 
7fe74fddf000-7fe74ff1f000 ---p 00000000 00:00 0 
7fe74ff1f000-7fe74ff41000 rw-p 00000000 00:00 0 
7fe74ff41000-7fe74ffca000 ---p 00000000 00:00 0 
7fe74ffca000-7fe74ffea000 rw-p 00000000 00:00 0 
7fe74ffea000-7fe75038b000 ---p 00000000 00:00 0 
7fe75038b000-7fe750b1b000 rwxp 00000000 00:00 0 
7fe750b1b000-7fe75f38b000 ---p 00000000 00:00 0 
7fe75f38b000-7fe75f393000 r-xp 00000000 08:07 4603688                    /usr/lib/jvm/java-8-openjdk-amd64/jre/lib/amd64/libzip.so
7fe75f393000-7fe75f592000 ---p 00008000 08:07 4603688                    /usr/lib/jvm/java-8-openjdk-amd64/jre/lib/amd64/libzip.so
7fe75f592000-7fe75f593000 r--p 00007000 08:07 4603688                    /usr/lib/jvm/java-8-openjdk-amd64/jre/lib/amd64/libzip.so
7fe75f593000-7fe75f594000 rw-p 00008000 08:07 4603688                    /usr/lib/jvm/java-8-openjdk-amd64/jre/lib/amd64/libzip.so
7fe75f594000-7fe75f5a0000 r-xp 00000000 08:07 6033669                    /lib/x86_64-linux-gnu/libnss_files-2.21.so
7fe75f5a0000-7fe75f79f000 ---p 0000c000 08:07 6033669                    /lib/x86_64-linux-gnu/libnss_files-2.21.so
7fe75f79f000-7fe75f7a0000 r--p 0000b000 08:07 6033669                    /lib/x86_64-linux-gnu/libnss_files-2.21.so
7fe75f7a0000-7fe75f7a1000 rw-p 0000c000 08:07 6033669                    /lib/x86_64-linux-gnu/libnss_files-2.21.so
7fe75f7a1000-7fe75f7ac000 r-xp 00000000 08:07 6033679                    /lib/x86_64-linux-gnu/libnss_nis-2.21.so
7fe75f7ac000-7fe75f9ab000 ---p 0000b000 08:07 6033679                    /lib/x86_64-linux-gnu/libnss_nis-2.21.so
7fe75f9ab000-7fe75f9ac000 r--p 0000a000 08:07 6033679                    /lib/x86_64-linux-gnu/libnss_nis-2.21.so
7fe75f9ac000-7fe75f9ad000 rw-p 0000b000 08:07 6033679                    /lib/x86_64-linux-gnu/libnss_nis-2.21.so
7fe75f9ad000-7fe75f9c4000 r-xp 00000000 08:07 6033663                    /lib/x86_64-linux-gnu/libnsl-2.21.so
7fe75f9c4000-7fe75fbc3000 ---p 00017000 08:07 6033663                    /lib/x86_64-linux-gnu/libnsl-2.21.so
7fe75fbc3000-7fe75fbc4000 r--p 00016000 08:07 6033663                    /lib/x86_64-linux-gnu/libnsl-2.21.so
7fe75fbc4000-7fe75fbc5000 rw-p 00017000 08:07 6033663                    /lib/x86_64-linux-gnu/libnsl-2.21.so
7fe75fbc5000-7fe75fbc7000 rw-p 00000000 00:00 0 
7fe75fbc7000-7fe75fbcf000 r-xp 00000000 08:07 6033665                    /lib/x86_64-linux-gnu/libnss_compat-2.21.so
7fe75fbcf000-7fe75fdce000 ---p 00008000 08:07 6033665                    /lib/x86_64-linux-gnu/libnss_compat-2.21.so
7fe75fdce000-7fe75fdcf000 r--p 00007000 08:07 6033665                    /lib/x86_64-linux-gnu/libnss_compat-2.21.so
7fe75fdcf000-7fe75fdd0000 rw-p 00008000 08:07 6033665                    /lib/x86_64-linux-gnu/libnss_compat-2.21.so
7fe75fdd0000-7fe75fdfe000 r-xp 00000000 08:07 4603685                    /usr/lib/jvm/java-8-openjdk-amd64/jre/lib/amd64/libjava.so
7fe75fdfe000-7fe75fffd000 ---p 0002e000 08:07 4603685                    /usr/lib/jvm/java-8-openjdk-amd64/jre/lib/amd64/libjava.so
7fe75fffd000-7fe75fffe000 r--p 0002d000 08:07 4603685                    /usr/lib/jvm/java-8-openjdk-amd64/jre/lib/amd64/libjava.so
7fe75fffe000-7fe760000000 rw-p 0002e000 08:07 4603685                    /usr/lib/jvm/java-8-openjdk-amd64/jre/lib/amd64/libjava.so
7fe760000000-7fe7603fb000 rw-p 00000000 00:00 0 
7fe7603fb000-7fe764000000 ---p 00000000 00:00 0 
7fe764000000-7fe764001000 rw-p 00000000 00:00 0 
7fe764001000-7fe764002000 r--s 00010000 08:07 4604055                    /usr/lib/jvm/java-8-openjdk-amd64/jre/lib/ext/zipfs.jar
7fe764002000-7fe764005000 r--s 0000f000 08:07 4604058                    /usr/lib/jvm/java-8-openjdk-amd64/jre/lib/ext/icedtea-sound.jar
7fe764005000-7fe764006000 ---p 00000000 00:00 0 
7fe764006000-7fe764106000 rw-p 00000000 00:00 0                          [stack:6323]
7fe764106000-7fe764115000 r-xp 00000000 08:07 4604025                    /usr/lib/jvm/java-8-openjdk-amd64/jre/lib/amd64/libverify.so
7fe764115000-7fe764315000 ---p 0000f000 08:07 4604025                    /usr/lib/jvm/java-8-openjdk-amd64/jre/lib/amd64/libverify.so
7fe764315000-7fe764318000 r--p 0000f000 08:07 4604025                    /usr/lib/jvm/java-8-openjdk-amd64/jre/lib/amd64/libverify.so
7fe764318000-7fe764319000 rw-p 00012000 08:07 4604025                    /usr/lib/jvm/java-8-openjdk-amd64/jre/lib/amd64/libverify.so
7fe764319000-7fe764320000 r-xp 00000000 08:07 6033724                    /lib/x86_64-linux-gnu/librt-2.21.so
7fe764320000-7fe76451f000 ---p 00007000 08:07 6033724                    /lib/x86_64-linux-gnu/librt-2.21.so
7fe76451f000-7fe764520000 r--p 00006000 08:07 6033724                    /lib/x86_64-linux-gnu/librt-2.21.so
7fe764520000-7fe764521000 rw-p 00007000 08:07 6033724                    /lib/x86_64-linux-gnu/librt-2.21.so
7fe764521000-7fe764537000 r-xp 00000000 08:07 6033612                    /lib/x86_64-linux-gnu/libgcc_s.so.1
7fe764537000-7fe764736000 ---p 00016000 08:07 6033612                    /lib/x86_64-linux-gnu/libgcc_s.so.1
7fe764736000-7fe764737000 rw-p 00015000 08:07 6033612                    /lib/x86_64-linux-gnu/libgcc_s.so.1
7fe764737000-7fe76483e000 r-xp 00000000 08:07 6033642                    /lib/x86_64-linux-gnu/libm-2.21.so
7fe76483e000-7fe764a3d000 ---p 00107000 08:07 6033642                    /lib/x86_64-linux-gnu/libm-2.21.so
7fe764a3d000-7fe764a3e000 r--p 00106000 08:07 6033642                    /lib/x86_64-linux-gnu/libm-2.21.so
7fe764a3e000-7fe764a3f000 rw-p 00107000 08:07 6033642                    /lib/x86_64-linux-gnu/libm-2.21.so
7fe764a3f000-7fe764b2f000 r-xp 00000000 08:07 3285525                    /usr/lib/x86_64-linux-gnu/libstdc++.so.6.0.20
7fe764b2f000-7fe764d2f000 ---p 000f0000 08:07 3285525                    /usr/lib/x86_64-linux-gnu/libstdc++.so.6.0.20
7fe764d2f000-7fe764d37000 r--p 000f0000 08:07 3285525                    /usr/lib/x86_64-linux-gnu/libstdc++.so.6.0.20
7fe764d37000-7fe764d39000 rw-p 000f8000 08:07 3285525                    /usr/lib/x86_64-linux-gnu/libstdc++.so.6.0.20
7fe764d39000-7fe764d4e000 rw-p 00000000 00:00 0 
7fe764d4e000-7fe7659db000 r-xp 00000000 08:07 4604037                    /usr/lib/jvm/java-8-openjdk-amd64/jre/lib/amd64/server/libjvm.so
7fe7659db000-7fe765bdb000 ---p 00c8d000 08:07 4604037                    /usr/lib/jvm/java-8-openjdk-amd64/jre/lib/amd64/server/libjvm.so
7fe765bdb000-7fe765c7e000 r--p 00c8d000 08:07 4604037                    /usr/lib/jvm/java-8-openjdk-amd64/jre/lib/amd64/server/libjvm.so
7fe765c7e000-7fe765ca7000 rw-p 00d30000 08:07 4604037                    /usr/lib/jvm/java-8-openjdk-amd64/jre/lib/amd64/server/libjvm.so
7fe765ca7000-7fe765cd6000 rw-p 00000000 00:00 0 
7fe765cd6000-7fe765cee000 r-xp 00000000 08:07 6033716                    /lib/x86_64-linux-gnu/libpthread-2.21.so
7fe765cee000-7fe765eee000 ---p 00018000 08:07 6033716                    /lib/x86_64-linux-gnu/libpthread-2.21.so
7fe765eee000-7fe765eef000 r--p 00018000 08:07 6033716                    /lib/x86_64-linux-gnu/libpthread-2.21.so
7fe765eef000-7fe765ef0000 rw-p 00019000 08:07 6033716                    /lib/x86_64-linux-gnu/libpthread-2.21.so
7fe765ef0000-7fe765ef4000 rw-p 00000000 00:00 0 
7fe765ef4000-7fe765ef7000 r-xp 00000000 08:07 6033600                    /lib/x86_64-linux-gnu/libdl-2.21.so
7fe765ef7000-7fe7660f6000 ---p 00003000 08:07 6033600                    /lib/x86_64-linux-gnu/libdl-2.21.so
7fe7660f6000-7fe7660f7000 r--p 00002000 08:07 6033600                    /lib/x86_64-linux-gnu/libdl-2.21.so
7fe7660f7000-7fe7660f8000 rw-p 00003000 08:07 6033600                    /lib/x86_64-linux-gnu/libdl-2.21.so
7fe7660f8000-7fe766111000 r-xp 00000000 08:07 6033757                    /lib/x86_64-linux-gnu/libz.so.1.2.8
7fe766111000-7fe766311000 ---p 00019000 08:07 6033757                    /lib/x86_64-linux-gnu/libz.so.1.2.8
7fe766311000-7fe766312000 r--p 00019000 08:07 6033757                    /lib/x86_64-linux-gnu/libz.so.1.2.8
7fe766312000-7fe766313000 rw-p 0001a000 08:07 6033757                    /lib/x86_64-linux-gnu/libz.so.1.2.8
7fe766313000-7fe7664d3000 r-xp 00000000 08:07 6033583                    /lib/x86_64-linux-gnu/libc-2.21.so
7fe7664d3000-7fe7666d3000 ---p 001c0000 08:07 6033583                    /lib/x86_64-linux-gnu/libc-2.21.so
7fe7666d3000-7fe7666d7000 r--p 001c0000 08:07 6033583                    /lib/x86_64-linux-gnu/libc-2.21.so
7fe7666d7000-7fe7666d9000 rw-p 001c4000 08:07 6033583                    /lib/x86_64-linux-gnu/libc-2.21.so
7fe7666d9000-7fe7666dd000 rw-p 00000000 00:00 0 
7fe7666dd000-7fe7666eb000 r-xp 00000000 08:07 4726035                    /usr/lib/jvm/java-8-openjdk-amd64/jre/lib/amd64/jli/libjli.so
7fe7666eb000-7fe7668ea000 ---p 0000e000 08:07 4726035                    /usr/lib/jvm/java-8-openjdk-amd64/jre/lib/amd64/jli/libjli.so
7fe7668ea000-7fe7668eb000 r--p 0000d000 08:07 4726035                    /usr/lib/jvm/java-8-openjdk-amd64/jre/lib/amd64/jli/libjli.so
7fe7668eb000-7fe7668ec000 rw-p 0000e000 08:07 4726035                    /usr/lib/jvm/java-8-openjdk-amd64/jre/lib/amd64/jli/libjli.so
7fe7668ec000-7fe766910000 r-xp 00000000 08:07 6033555                    /lib/x86_64-linux-gnu/ld-2.21.so
7fe766910000-7fe766912000 r--s 00006000 08:07 3538955                    /usr/share/java/java-atk-wrapper.jar
7fe766912000-7fe766918000 r--s 0003a000 08:07 4604056                    /usr/lib/jvm/java-8-openjdk-amd64/jre/lib/ext/sunjce_provider.jar
7fe766918000-7fe766919000 r--s 00008000 08:07 4604053                    /usr/lib/jvm/java-8-openjdk-amd64/jre/lib/ext/sunec.jar
7fe766919000-7fe7669e9000 rw-p 00000000 00:00 0 
7fe7669e9000-7fe7669ec000 ---p 00000000 00:00 0 
7fe7669ec000-7fe766b03000 rw-p 00000000 00:00 0                          [stack:6322]
7fe766b03000-7fe766b0b000 rw-s 00000000 08:07 3016288                    /tmp/hsperfdata_pvthuyen/6316
7fe766b0b000-7fe766b0c000 rw-p 00000000 00:00 0 
7fe766b0c000-7fe766b0d000 ---p 00000000 00:00 0 
7fe766b0d000-7fe766b0f000 rw-p 00000000 00:00 0 
7fe766b0f000-7fe766b10000 r--p 00023000 08:07 6033555                    /lib/x86_64-linux-gnu/ld-2.21.so
7fe766b10000-7fe766b11000 rw-p 00024000 08:07 6033555                    /lib/x86_64-linux-gnu/ld-2.21.so
7fe766b11000-7fe766b12000 rw-p 00000000 00:00 0 
7ffd55c09000-7ffd55c2b000 rw-p 00000000 00:00 0                          [stack]
7ffd55dd3000-7ffd55dd5000 r--p 00000000 00:00 0                          [vvar]
7ffd55dd5000-7ffd55dd7000 r-xp 00000000 00:00 0                          [vdso]
ffffffffff600000-ffffffffff601000 r-xp 00000000 00:00 0                  [vsyscall]

VM Arguments:
jvm_args: -Xmx1024M -Dfile.encoding=UTF-8 -Duser.country=US -Duser.language=en -Duser.variant 
java_command: com.android.dx.command.Main --dex --output /home/pvthuyen/InteractiveBookforKids/app/build/intermediates/dex/debug /home/pvthuyen/InteractiveBookforKids/app/build/intermediates/classes/debug /home/pvthuyen/InteractiveBookforKids/app/build/intermediates/pre-dexed/debug/support-annotations-22.2.0-6edaf921514e3c79b4cd482598ff6f89aabb1f45.jar /home/pvthuyen/InteractiveBookforKids/app/build/intermediates/pre-dexed/debug/bolts-android-1.2.0-7df56509995ad20c5d42b047672f9e619feb1c0b.jar /home/pvthuyen/InteractiveBookforKids/app/build/intermediates/pre-dexed/debug/YouTubeAndroidPlayerApi-c93bfb5070f3dbe94f5c923b918f5babc67c852d.jar /home/pvthuyen/InteractiveBookforKids/app/build/intermediates/pre-dexed/debug/internal_impl-22.2.0-ed3cbea88f834b0acedf65ba22c49cbd5cb455ec.jar /home/pvthuyen/InteractiveBookforKids/app/build/intermediates/pre-dexed/debug/classes-6d1c973fa6ffe1b747324537e2faced0b9b5882f.jar /home/pvthuyen/InteractiveBookforKids/app/build/intermediates/pre-dexed/debug/classes-09815ebd0f2373945ebe89adcb9a41d0cbaf181c.jar /home/pvthuyen/InteractiveBookforKids/app/build/intermediates/pre-dexed/debug/classes-5e1345c53987f0c2e6f515948c53f1db5bd081c3.jar /home/pvthuyen/InteractiveBookforKids/app/build/intermediates/pre-dexed/debug/classes-529255ef87ba6b97d188da7fec939159296ffe35.jar
java_class_path (initial): /home/pvthuyen/Android/Sdk/build-tools/21.1.2/lib/dx.jar
Launcher Type: SUN_STANDARD

Environment Variables:
PATH=/usr/local/sbin:/usr/local/bin:/usr/sbin:/usr/bin:/sbin:/bin:/usr/games:/usr/local/games
LD_LIBRARY_PATH=.:
SHELL=/bin/bash
DISPLAY=:0.0

Signal Handlers:
SIGSEGV: [libjvm.so+0xa90d80], sa_mask[0]=11111111011111111101111111111110, sa_flags=SA_RESTART|SA_SIGINFO
SIGBUS: [libjvm.so+0xa90d80], sa_mask[0]=11111111011111111101111111111110, sa_flags=SA_RESTART|SA_SIGINFO
SIGFPE: [libjvm.so+0x8dbc70], sa_mask[0]=11111111011111111101111111111110, sa_flags=SA_RESTART|SA_SIGINFO
SIGPIPE: [libjvm.so+0x8dbc70], sa_mask[0]=11111111011111111101111111111110, sa_flags=SA_RESTART|SA_SIGINFO
SIGXFSZ: [libjvm.so+0x8dbc70], sa_mask[0]=11111111011111111101111111111110, sa_flags=SA_RESTART|SA_SIGINFO
SIGILL: [libjvm.so+0x8dbc70], sa_mask[0]=11111111011111111101111111111110, sa_flags=SA_RESTART|SA_SIGINFO
SIGUSR1: SIG_DFL, sa_mask[0]=00000000000000000000000000000000, sa_flags=none
SIGUSR2: [libjvm.so+0x8dbb20], sa_mask[0]=00100000000000000000000000000000, sa_flags=SA_RESTART|SA_SIGINFO
SIGHUP: [libjvm.so+0x8dbd40], sa_mask[0]=11111111011111111101111111111110, sa_flags=SA_RESTART|SA_SIGINFO
SIGINT: [libjvm.so+0x8dbd40], sa_mask[0]=11111111011111111101111111111110, sa_flags=SA_RESTART|SA_SIGINFO
SIGTERM: [libjvm.so+0x8dbd40], sa_mask[0]=11111111011111111101111111111110, sa_flags=SA_RESTART|SA_SIGINFO
SIGQUIT: [libjvm.so+0x8dbd40], sa_mask[0]=11111111011111111101111111111110, sa_flags=SA_RESTART|SA_SIGINFO


---------------  S Y S T E M  ---------------

OS:DISTRIB_ID=Ubuntu
DISTRIB_RELEASE=15.04
DISTRIB_CODENAME=vivid
DISTRIB_DESCRIPTION="Ubuntu 15.04"

uname:Linux 3.19.0-21-generic #21-Ubuntu SMP Sun Jun 14 18:31:11 UTC 2015 x86_64
libc:glibc 2.21 NPTL 2.21 
rlimit: STACK 8192k, CORE 0k, NPROC 15274, NOFILE 65536, AS infinity
load average:1.86 1.29 1.21

/proc/meminfo:
MemTotal:        3932700 kB
MemFree:          108092 kB
MemAvailable:      61668 kB
Buffers:            1788 kB
Cached:           401776 kB
SwapCached:            0 kB
Active:          3293876 kB
Inactive:         341572 kB
Active(anon):    3280752 kB
Inactive(anon):   309112 kB
Active(file):      13124 kB
Inactive(file):    32460 kB
Unevictable:          48 kB
Mlocked:              48 kB
SwapTotal:             0 kB
SwapFree:              0 kB
Dirty:               904 kB
Writeback:             0 kB
AnonPages:       3232556 kB
Mapped:           285740 kB
Shmem:            357360 kB
Slab:              65404 kB
SReclaimable:      30512 kB
SUnreclaim:        34892 kB
KernelStack:        9248 kB
PageTables:        37232 kB
NFS_Unstable:          0 kB
Bounce:                0 kB
WritebackTmp:          0 kB
CommitLimit:     1966348 kB
Committed_AS:    7071076 kB
VmallocTotal:   34359738367 kB
VmallocUsed:      557040 kB
VmallocChunk:   34359143320 kB
HardwareCorrupted:     0 kB
AnonHugePages:   1218560 kB
CmaTotal:              0 kB
CmaFree:               0 kB
HugePages_Total:       0
HugePages_Free:        0
HugePages_Rsvd:        0
HugePages_Surp:        0
Hugepagesize:       2048 kB
DirectMap4k:      152320 kB
DirectMap2M:     3928064 kB
DirectMap1G:     1048576 kB


CPU:total 4 (2 cores per cpu, 2 threads per core) family 6 model 69 stepping 1, cmov, cx8, fxsr, mmx, sse, sse2, sse3, ssse3, sse4.1, sse4.2, popcnt, avx, avx2, aes, clmul, erms, lzcnt, ht, tsc, tscinvbit, bmi1, bmi2

/proc/cpuinfo:
processor	: 0
vendor_id	: GenuineIntel
cpu family	: 6
model		: 69
model name	: Intel(R) Core(TM) i5-4200U CPU @ 1.60GHz
stepping	: 1
microcode	: 0x1c
cpu MHz		: 1979.437
cache size	: 3072 KB
physical id	: 0
siblings	: 4
core id		: 0
cpu cores	: 2
apicid		: 0
initial apicid	: 0
fpu		: yes
fpu_exception	: yes
cpuid level	: 13
wp		: yes
flags		: fpu vme de pse tsc msr pae mce cx8 apic sep mtrr pge mca cmov pat pse36 clflush dts acpi mmx fxsr sse sse2 ss ht tm pbe syscall nx pdpe1gb rdtscp lm constant_tsc arch_perfmon pebs bts rep_good nopl xtopology nonstop_tsc aperfmperf eagerfpu pni pclmulqdq dtes64 monitor ds_cpl vmx est tm2 ssse3 fma cx16 xtpr pdcm pcid sse4_1 sse4_2 movbe popcnt tsc_deadline_timer aes xsave avx f16c rdrand lahf_lm abm ida arat epb pln pts dtherm tpr_shadow vnmi flexpriority ept vpid fsgsbase tsc_adjust bmi1 avx2 smep bmi2 erms invpcid xsaveopt
bugs		:
bogomips	: 4589.35
clflush size	: 64
cache_alignment	: 64
address sizes	: 39 bits physical, 48 bits virtual
power management:

processor	: 1
vendor_id	: GenuineIntel
cpu family	: 6
model		: 69
model name	: Intel(R) Core(TM) i5-4200U CPU @ 1.60GHz
stepping	: 1
microcode	: 0x1c
cpu MHz		: 2501.789
cache size	: 3072 KB
physical id	: 0
siblings	: 4
core id		: 0
cpu cores	: 2
apicid		: 1
initial apicid	: 1
fpu		: yes
fpu_exception	: yes
cpuid level	: 13
wp		: yes
flags		: fpu vme de pse tsc msr pae mce cx8 apic sep mtrr pge mca cmov pat pse36 clflush dts acpi mmx fxsr sse sse2 ss ht tm pbe syscall nx pdpe1gb rdtscp lm constant_tsc arch_perfmon pebs bts rep_good nopl xtopology nonstop_tsc aperfmperf eagerfpu pni pclmulqdq dtes64 monitor ds_cpl vmx est tm2 ssse3 fma cx16 xtpr pdcm pcid sse4_1 sse4_2 movbe popcnt tsc_deadline_timer aes xsave avx f16c rdrand lahf_lm abm ida arat epb pln pts dtherm tpr_shadow vnmi flexpriority ept vpid fsgsbase tsc_adjust bmi1 avx2 smep bmi2 erms invpcid xsaveopt
bugs		:
bogomips	: 4589.35
clflush size	: 64
cache_alignment	: 64
address sizes	: 39 bits physical, 48 bits virtual
power management:

processor	: 2
vendor_id	: GenuineIntel
cpu family	: 6
model		: 69
model name	: Intel(R) Core(TM) i5-4200U CPU @ 1.60GHz
stepping	: 1
microcode	: 0x1c
cpu MHz		: 1063.121
cache size	: 3072 KB
physical id	: 0
siblings	: 4
core id		: 1
cpu cores	: 2
apicid		: 2
initial apicid	: 2
fpu		: yes
fpu_exception	: yes
cpuid level	: 13
wp		: yes
flags		: fpu vme de pse tsc msr pae mce cx8 apic sep mtrr pge mca cmov pat pse36 clflush dts acpi mmx fxsr sse sse2 ss ht tm pbe syscall nx pdpe1gb rdtscp lm constant_tsc arch_perfmon pebs bts rep_good nopl xtopology nonstop_tsc aperfmperf eagerfpu pni pclmulqdq dtes64 monitor ds_cpl vmx est tm2 ssse3 fma cx16 xtpr pdcm pcid sse4_1 sse4_2 movbe popcnt tsc_deadline_timer aes xsave avx f16c rdrand lahf_lm abm ida arat epb pln pts dtherm tpr_shadow vnmi flexpriority ept vpid fsgsbase tsc_adjust bmi1 avx2 smep bmi2 erms invpcid xsaveopt
bugs		:
bogomips	: 4589.35
clflush size	: 64
cache_alignment	: 64
address sizes	: 39 bits physical, 48 bits virtual
power management:

processor	: 3
vendor_id	: GenuineIntel
cpu family	: 6
model		: 69
model name	: Intel(R) Core(TM) i5-4200U CPU @ 1.60GHz
stepping	: 1
microcode	: 0x1c
cpu MHz		: 1759.679
cache size	: 3072 KB
physical id	: 0
siblings	: 4
core id		: 1
cpu cores	: 2
apicid		: 3
initial apicid	: 3
fpu		: yes
fpu_exception	: yes
cpuid level	: 13
wp		: yes
flags		: fpu vme de pse tsc msr pae mce cx8 apic sep mtrr pge mca cmov pat pse36 clflush dts acpi mmx fxsr sse sse2 ss ht tm pbe syscall nx pdpe1gb rdtscp lm constant_tsc arch_perfmon pebs bts rep_good nopl xtopology nonstop_tsc aperfmperf eagerfpu pni pclmulqdq dtes64 monitor ds_cpl vmx est tm2 ssse3 fma cx16 xtpr pdcm pcid sse4_1 sse4_2 movbe popcnt tsc_deadline_timer aes xsave avx f16c rdrand lahf_lm abm ida arat epb pln pts dtherm tpr_shadow vnmi flexpriority ept vpid fsgsbase tsc_adjust bmi1 avx2 smep bmi2 erms invpcid xsaveopt
bugs		:
bogomips	: 4589.35
clflush size	: 64
cache_alignment	: 64
address sizes	: 39 bits physical, 48 bits virtual
power management:



Memory: 4k page, physical 3932700k(108092k free), swap 0k(0k free)

vm_info: OpenJDK 64-Bit Server VM (25.45-b02) for linux-amd64 JRE (1.8.0_45-internal-b14), built on Apr 20 2015 00:35:04 by "buildd" with gcc 4.9.2

time: Tue Jul  7 22:38:19 2015
elapsed time: 7 seconds (0d 0h 0m 7s)

